<?xml version="1.0" encoding="UTF-8"?>
<testsuite name="com.example.app.KafkaConsumerIntegrationTest" tests="1" skipped="0" failures="0" errors="0" timestamp="2025-08-13T16:43:09.926Z" hostname="MacBook-Pro-Shad0wX7.local" time="0.423">
  <properties/>
  <testcase name="shouldSendMessageToKafka()" classname="com.example.app.KafkaConsumerIntegrationTest" time="0.423"/>
  <system-out><![CDATA[
  .   ____          _            __ _ _
 /\\ / ___'_ __ _ _(_)_ __  __ _ \ \ \ \
( ( )\___ | '_ | '_| | '_ \/ _` | \ \ \ \
 \\/  ___)| |_)| | | | | || (_| |  ) ) ) )
  '  |____| .__|_| |_|_| |_\__, | / / / /
 =========|_|==============|___/=/_/_/_/

 :: Spring Boot ::                (v3.5.3)

2025-08-13T19:43:09.108+03:00  INFO 12538 --- [    Test worker] k.utils.Log4jControllerRegistration$     : Registered kafka:type=kafka.Log4jController MBean
2025-08-13T19:43:09.116+03:00  INFO 12538 --- [    Test worker] o.a.zookeeper.server.ZooKeeperServer     : 
2025-08-13T19:43:09.116+03:00  INFO 12538 --- [    Test worker] o.a.zookeeper.server.ZooKeeperServer     :   ______                  _                                          
2025-08-13T19:43:09.116+03:00  INFO 12538 --- [    Test worker] o.a.zookeeper.server.ZooKeeperServer     :  |___  /                 | |                                         
2025-08-13T19:43:09.116+03:00  INFO 12538 --- [    Test worker] o.a.zookeeper.server.ZooKeeperServer     :     / /    ___     ___   | | __   ___    ___   _ __     ___   _ __   
2025-08-13T19:43:09.116+03:00  INFO 12538 --- [    Test worker] o.a.zookeeper.server.ZooKeeperServer     :    / /    / _ \   / _ \  | |/ /  / _ \  / _ \ | '_ \   / _ \ | '__|
2025-08-13T19:43:09.116+03:00  INFO 12538 --- [    Test worker] o.a.zookeeper.server.ZooKeeperServer     :   / /__  | (_) | | (_) | |   <  |  __/ |  __/ | |_) | |  __/ | |    
2025-08-13T19:43:09.116+03:00  INFO 12538 --- [    Test worker] o.a.zookeeper.server.ZooKeeperServer     :  /_____|  \___/   \___/  |_|\_\  \___|  \___| | .__/   \___| |_|
2025-08-13T19:43:09.116+03:00  INFO 12538 --- [    Test worker] o.a.zookeeper.server.ZooKeeperServer     :                                               | |                     
2025-08-13T19:43:09.116+03:00  INFO 12538 --- [    Test worker] o.a.zookeeper.server.ZooKeeperServer     :                                               |_|                     
2025-08-13T19:43:09.116+03:00  INFO 12538 --- [    Test worker] o.a.zookeeper.server.ZooKeeperServer     : 
2025-08-13T19:43:09.122+03:00  INFO 12538 --- [    Test worker] o.a.zookeeper.server.ZooKeeperServer     : Server environment:zookeeper.version=3.8.4-9316c2a7a97e1666d8f4593f34dd6fc36ecc436c, built on 2024-02-12 22:16 UTC
2025-08-13T19:43:09.122+03:00  INFO 12538 --- [    Test worker] o.a.zookeeper.server.ZooKeeperServer     : Server environment:host.name=localhost
2025-08-13T19:43:09.122+03:00  INFO 12538 --- [    Test worker] o.a.zookeeper.server.ZooKeeperServer     : Server environment:java.version=17.0.12
2025-08-13T19:43:09.122+03:00  INFO 12538 --- [    Test worker] o.a.zookeeper.server.ZooKeeperServer     : Server environment:java.vendor=Oracle Corporation
2025-08-13T19:43:09.122+03:00  INFO 12538 --- [    Test worker] o.a.zookeeper.server.ZooKeeperServer     : Server environment:java.home=/Library/Java/JavaVirtualMachines/jdk-17.jdk/Contents/Home
2025-08-13T19:43:09.122+03:00  INFO 12538 --- [    Test worker] o.a.zookeeper.server.ZooKeeperServer     : Server environment:java.class.path=/Users/shad0wx7/.gradle/caches/8.14.3/workerMain/gradle-worker.jar:/Users/shad0wx7/Documents/eventpulse /build/classes/java/test:/Users/shad0wx7/Documents/eventpulse /build/resources/test:/Users/shad0wx7/Documents/eventpulse /build/classes/java/main:/Users/shad0wx7/Documents/eventpulse /build/resources/main:/Users/shad0wx7/.gradle/caches/modules-2/files-2.1/org.springframework.boot/spring-boot-starter-web/3.5.3/4ba7817f958e9a0b0f642af98440affd0c7e2ee0/spring-boot-starter-web-3.5.3.jar:/Users/shad0wx7/.gradle/caches/modules-2/files-2.1/org.springframework.boot/spring-boot-starter-data-jpa/3.5.3/8494346cf0bdb148ef29d5f41647b0cd6908ad7d/spring-boot-starter-data-jpa-3.5.3.jar:/Users/shad0wx7/.gradle/caches/modules-2/files-2.1/org.springframework.boot/spring-boot-starter-data-redis-reactive/3.5.3/13c2476816b49f6b0c78331a6e72ca463896308b/spring-boot-starter-data-redis-reactive-3.5.3.jar:/Users/shad0wx7/.gradle/caches/modules-2/files-2.1/org.springframework.boot/spring-boot-starter-security/3.5.3/7267fd219fc2508fff6f9991a5fee1aa28a28e85/spring-boot-starter-security-3.5.3.jar:/Users/shad0wx7/.gradle/caches/modules-2/files-2.1/org.springframework.boot/spring-boot-starter-validation/3.5.3/aaa11ca06f6701717dd7f07666079285e1a566bb/spring-boot-starter-validation-3.5.3.jar:/Users/shad0wx7/.gradle/caches/modules-2/files-2.1/org.springframework.boot/spring-boot-starter-actuator/3.5.3/981f7aa6c9a8244f88e41bd8564288657713c67d/spring-boot-starter-actuator-3.5.3.jar:/Users/shad0wx7/.gradle/caches/modules-2/files-2.1/org.springframework.kafka/spring-kafka/3.3.7/824e65af5590797390b77bbdd2f55570627cface/spring-kafka-3.3.7.jar:/Users/shad0wx7/.gradle/caches/modules-2/files-2.1/io.jsonwebtoken/jjwt-impl/0.11.5/40a599f0e8a8e4e0701596fbb15e67bfda64fdf0/jjwt-impl-0.11.5.jar:/Users/shad0wx7/.gradle/caches/modules-2/files-2.1/io.jsonwebtoken/jjwt-jackson/0.11.5/3b83a06809e98a69402d7333dcf67df6f6ea4579/jjwt-jackson-0.11.5.jar:/Users/shad0wx7/.gradle/caches/modules-2/files-2.1/io.jsonwebtoken/jjwt-api/0.11.5/f742940045619d06383e7df37b21ac422b476cf1/jjwt-api-0.11.5.jar:/Users/shad0wx7/.gradle/caches/modules-2/files-2.1/org.postgresql/postgresql/42.7.7/67f8093e8d8104c74bbf588392ac3229803f5d17/postgresql-42.7.7.jar:/Users/shad0wx7/.gradle/caches/modules-2/files-2.1/org.springframework.boot/spring-boot-starter-test/3.5.3/916e174221d2b9c770ecc12c8adc2bf2b75ff49/spring-boot-starter-test-3.5.3.jar:/Users/shad0wx7/.gradle/caches/modules-2/files-2.1/org.springframework.kafka/spring-kafka-test/3.3.7/80de3d5d4692af898b56896f9cc43bdad4eb4001/spring-kafka-test-3.3.7.jar:/Users/shad0wx7/.gradle/caches/modules-2/files-2.1/org.springframework.security/spring-security-test/6.5.1/711bd65cfd6f4444293eee1c8d5346def3d790b9/spring-security-test-6.5.1.jar:/Users/shad0wx7/.gradle/caches/modules-2/files-2.1/org.springframework.boot/spring-boot-testcontainers/3.5.3/843934d30aaa4338c6ca8c50a2fbed029caf6f30/spring-boot-testcontainers-3.5.3.jar:/Users/shad0wx7/.gradle/caches/modules-2/files-2.1/io.projectreactor/reactor-test/3.7.7/aade0f4225dc391f12ddfe195ba6691e61812f92/reactor-test-3.7.7.jar:/Users/shad0wx7/.gradle/caches/modules-2/files-2.1/org.testcontainers/junit-jupiter/1.19.3/6757a9f65ade6172b025b869ab5634fd8f4767f2/junit-jupiter-1.19.3.jar:/Users/shad0wx7/.gradle/caches/modules-2/files-2.1/org.testcontainers/kafka/1.19.3/3e042f2c694f423abea82cacb183f81fcd65c229/kafka-1.19.3.jar:/Users/shad0wx7/.gradle/caches/modules-2/files-2.1/org.testcontainers/postgresql/1.19.3/3083892c26c8dc7ce15a51450b8deeaf88185258/postgresql-1.19.3.jar:/Users/shad0wx7/.gradle/caches/modules-2/files-2.1/org.junit.jupiter/junit-jupiter/5.12.2/64d3ec64ae06517bc14b7faaaec7c996b0d05bea/junit-jupiter-5.12.2.jar:/Users/shad0wx7/.gradle/caches/modules-2/files-2.1/org.mockito/mockito-junit-jupiter/5.17.0/4399e19e3fb5b55230027583323e4c883d5da07d/mockito-junit-jupiter-5.17.0.jar:/Users/shad0wx7/.gradle/caches/modules-2/files-2.1/org.junit.jupiter/junit-jupiter-params/5.12.2/ff1434a66d1fb84c2c709cde2e2d56d5c8f4fad3/junit-jupiter-params-5.12.2.jar:/Users/shad0wx7/.gradle/caches/modules-2/files-2.1/org.junit.jupiter/junit-jupiter-engine/5.12.2/b8df7575b8cd3a94dbe27b481d1cd52c57864559/junit-jupiter-engine-5.12.2.jar:/Users/shad0wx7/.gradle/caches/modules-2/files-2.1/org.junit.jupiter/junit-jupiter-api/5.12.2/6de3a3256c5d90f4a439edcb6c2e8dc5180907b0/junit-jupiter-api-5.12.2.jar:/Users/shad0wx7/.gradle/caches/modules-2/files-2.1/org.junit.platform/junit-platform-engine/1.12.2/8519ece93f91b8115705d36be2c36d49808935cd/junit-platform-engine-1.12.2.jar:/Users/shad0wx7/.gradle/caches/modules-2/files-2.1/org.junit.platform/junit-platform-commons/1.12.2/b89e88a89ee009937374a4c96912e007b34c8e35/junit-platform-commons-1.12.2.jar:/Users/shad0wx7/.gradle/caches/modules-2/files-2.1/org.junit.platform/junit-platform-launcher/1.12.2/79d49ad13017c67a8bf76e10ba5ac8937d811772/junit-platform-launcher-1.12.2.jar:/Users/shad0wx7/.gradle/caches/modules-2/files-2.1/org.springframework.boot/spring-boot-starter-json/3.5.3/fe424c3edf444e65e3c3331a1538d31396225a3b/spring-boot-starter-json-3.5.3.jar:/Users/shad0wx7/.gradle/caches/modules-2/files-2.1/org.springframework.boot/spring-boot-starter-jdbc/3.5.3/427ff2d6cc12a5e503b1be8508db08f0c05098c0/spring-boot-starter-jdbc-3.5.3.jar:/Users/shad0wx7/.gradle/caches/modules-2/files-2.1/org.springframework.boot/spring-boot-starter/3.5.3/b978e45d89b92eedaa09d0993bed91bcf00153d4/spring-boot-starter-3.5.3.jar:/Users/shad0wx7/.gradle/caches/modules-2/files-2.1/org.springframework.boot/spring-boot-starter-tomcat/3.5.3/490bccd84af19bddcb955e722c8dcebc34cb2193/spring-boot-starter-tomcat-3.5.3.jar:/Users/shad0wx7/.gradle/caches/modules-2/files-2.1/org.springframework/spring-webmvc/6.2.8/a98cbaba4b55b4fee2d752041130e2e0f7014b27/spring-webmvc-6.2.8.jar:/Users/shad0wx7/.gradle/caches/modules-2/files-2.1/org.springframework.security/spring-security-web/6.5.1/9255d45a0f69305ceae1fb770a774acdf805c485/spring-security-web-6.5.1.jar:/Users/shad0wx7/.gradle/caches/modules-2/files-2.1/org.springframework/spring-web/6.2.8/7b6a4ffb12639779721bc5adbc7f5ba80db72ff9/spring-web-6.2.8.jar:/Users/shad0wx7/.gradle/caches/modules-2/files-2.1/org.hibernate.orm/hibernate-core/6.6.18.Final/c3d150af4c341a7b07c75a8905bfbba895e73fbc/hibernate-core-6.6.18.Final.jar:/Users/shad0wx7/.gradle/caches/modules-2/files-2.1/org.springframework.data/spring-data-jpa/3.5.1/7d34c2d8c8bcd96f5ce3f012c2a88d682a86e14b/spring-data-jpa-3.5.1.jar:/Users/shad0wx7/.gradle/caches/modules-2/files-2.1/org.springframework/spring-aspects/6.2.8/30cd83452beef146187bee60a824fe3ae7197d85/spring-aspects-6.2.8.jar:/Users/shad0wx7/.gradle/caches/modules-2/files-2.1/io.lettuce/lettuce-core/6.6.0.RELEASE/8a9bb7a3291328f4a0156643dddd3f1194bd26f3/lettuce-core-6.6.0.RELEASE.jar:/Users/shad0wx7/.gradle/caches/modules-2/files-2.1/io.projectreactor/reactor-core/3.7.7/bee553bf17e911f6c20fe45caa890b9a3fd19c/reactor-core-3.7.7.jar:/Users/shad0wx7/.gradle/caches/modules-2/files-2.1/org.springframework.data/spring-data-redis/3.5.1/45ce8d0c44220cfbfedfda41796401b3159e797c/spring-data-redis-3.5.1.jar:/Users/shad0wx7/.gradle/caches/modules-2/files-2.1/org.springframework.security/spring-security-config/6.5.1/49e1411bc9d97faafcde42877614358a5357a3c7/spring-security-config-6.5.1.jar:/Users/shad0wx7/.gradle/caches/modules-2/files-2.1/org.springframework.security/spring-security-core/6.5.1/e7df1e6596b39b39f4a01000cab0318c0ed17ab0/spring-security-core-6.5.1.jar:/Users/shad0wx7/.gradle/caches/modules-2/files-2.1/org.springframework.boot/spring-boot-actuator-autoconfigure/3.5.3/599370a392f858694a2ce3bcf2c29dac818760a6/spring-boot-actuator-autoconfigure-3.5.3.jar:/Users/shad0wx7/.gradle/caches/modules-2/files-2.1/org.springframework.boot/spring-boot-test-autoconfigure/3.5.3/50d834241863042463113287b71bfc719d32dac1/spring-boot-test-autoconfigure-3.5.3.jar:/Users/shad0wx7/.gradle/caches/modules-2/files-2.1/org.springframework.boot/spring-boot-test/3.5.3/dd4c87534ae57510b01575c374eb8d55dd4efb92/spring-boot-test-3.5.3.jar:/Users/shad0wx7/.gradle/caches/modules-2/files-2.1/org.springframework.boot/spring-boot-autoconfigure/3.5.3/b03483a9d3c480d064c8380e2d78ea3593ca6cb8/spring-boot-autoconfigure-3.5.3.jar:/Users/shad0wx7/.gradle/caches/modules-2/files-2.1/org.springframework.boot/spring-boot-actuator/3.5.3/84a318d937ebf3d4f56639d712deb2054a78d74/spring-boot-actuator-3.5.3.jar:/Users/shad0wx7/.gradle/caches/modules-2/files-2.1/org.springframework.boot/spring-boot/3.5.3/1b02976773afc2489df3c22000acaf83d0ada2b2/spring-boot-3.5.3.jar:/Users/shad0wx7/.gradle/caches/modules-2/files-2.1/org.springframework.data/spring-data-keyvalue/3.5.1/6ba25a5f9aebebd45006473a68bcb2a39bad1995/spring-data-keyvalue-3.5.1.jar:/Users/shad0wx7/.gradle/caches/modules-2/files-2.1/org.springframework/spring-context-support/6.2.8/b5b5cbbe02a137eb25406bd006102bc8c3ceabbf/spring-context-support-6.2.8.jar:/Users/shad0wx7/.gradle/caches/modules-2/files-2.1/org.springframework/spring-context/6.2.8/9db99fe5f92f587e8f2b26b34a7f42260169925a/spring-context-6.2.8.jar:/Users/shad0wx7/.gradle/caches/modules-2/files-2.1/org.springframework/spring-aop/6.2.8/435fb310d5f464050b91ac3cb1a7f217a471e62e/spring-aop-6.2.8.jar:/Users/shad0wx7/.gradle/caches/modules-2/files-2.1/org.apache.tomcat.embed/tomcat-embed-el/10.1.42/a82416ce2960c50ee8150c9229e058b826e070a8/tomcat-embed-el-10.1.42.jar:/Users/shad0wx7/.gradle/caches/modules-2/files-2.1/org.hibernate.validator/hibernate-validator/8.0.2.Final/220e64815dd87535525331de20570017f899eb13/hibernate-validator-8.0.2.Final.jar:/Users/shad0wx7/.gradle/caches/modules-2/files-2.1/io.micrometer/micrometer-jakarta9/1.15.1/767dc009dd6c41cc574013ebb006cddfe98e88e6/micrometer-jakarta9-1.15.1.jar:/Users/shad0wx7/.gradle/caches/modules-2/files-2.1/io.micrometer/micrometer-core/1.15.1/52959bd15d21f9a9dd55ac59f0149b16c6d5a06e/micrometer-core-1.15.1.jar:/Users/shad0wx7/.gradle/caches/modules-2/files-2.1/io.micrometer/micrometer-observation/1.15.1/3d0a62a46350707984e3600297cc8e08c4722399/micrometer-observation-1.15.1.jar:/Users/shad0wx7/.gradle/caches/modules-2/files-2.1/org.springframework/spring-messaging/6.2.8/47730e9156b60450dbf4284a219768f2aac506ea/spring-messaging-6.2.8.jar:/Users/shad0wx7/.gradle/caches/modules-2/files-2.1/org.springframework/spring-orm/6.2.8/3bfe2a04c09ad1d7738b16e6e4636a7255be3af8/spring-orm-6.2.8.jar:/Users/shad0wx7/.gradle/caches/modules-2/files-2.1/org.springframework/spring-jdbc/6.2.8/2927be130aa08d6513804a048eb6065ab5c51a1d/spring-jdbc-6.2.8.jar:/Users/shad0wx7/.gradle/caches/modules-2/files-2.1/org.springframework/spring-tx/6.2.8/6b2eecf34f0810dd989f7e7bfa8fd8c86fe28dfb/spring-tx-6.2.8.jar:/Users/shad0wx7/.gradle/caches/modules-2/files-2.1/org.springframework.retry/spring-retry/2.0.12/62a14736086ffd6f382f0df3bf066a5a34f174fa/spring-retry-2.0.12.jar:/Users/shad0wx7/.gradle/caches/modules-2/files-2.1/org.apache.kafka/kafka_2.13/3.9.1/c940303cc9bd1a92f4eced9404656f6f374f6e65/kafka_2.13-3.9.1.jar:/Users/shad0wx7/.gradle/caches/modules-2/files-2.1/org.apache.kafka/kafka_2.13/3.9.1/2dd918c601dd5207c90682d81f90bbae33a5eac3/kafka_2.13-3.9.1-test.jar:/Users/shad0wx7/.gradle/caches/modules-2/files-2.1/org.apache.kafka/kafka-server/3.9.1/62f5d1c40ec9a7eef1b6cbd9b1fadbc2b3024cbf/kafka-server-3.9.1.jar:/Users/shad0wx7/.gradle/caches/modules-2/files-2.1/org.apache.kafka/kafka-group-coordinator/3.9.1/b8b0284102248d466ee1df04d412832100edc67b/kafka-group-coordinator-3.9.1.jar:/Users/shad0wx7/.gradle/caches/modules-2/files-2.1/org.apache.kafka/kafka-metadata/3.9.1/a5875f00903c7fd25a8ca51ebc51a4883aaa5682/kafka-metadata-3.9.1.jar:/Users/shad0wx7/.gradle/caches/modules-2/files-2.1/org.apache.kafka/kafka-storage/3.9.1/e6def675771e5f07fd4ded7d9e55b91ce9372518/kafka-storage-3.9.1.jar:/Users/shad0wx7/.gradle/caches/modules-2/files-2.1/org.apache.kafka/kafka-raft/3.9.1/6ff623be57743da37ac7df6e0ef01c0508f15d4a/kafka-raft-3.9.1.jar:/Users/shad0wx7/.gradle/caches/modules-2/files-2.1/org.apache.kafka/kafka-storage-api/3.9.1/214d034ff9412e3357d27f251dbb38510c6ba062/kafka-storage-api-3.9.1.jar:/Users/shad0wx7/.gradle/caches/modules-2/files-2.1/org.apache.kafka/kafka-server-common/3.9.1/529c5b2cf2f047136a68b5f9e107dbde1ec69d7b/kafka-server-common-3.9.1.jar:/Users/shad0wx7/.gradle/caches/modules-2/files-2.1/org.apache.kafka/kafka-server-common/3.9.1/df6568691900d7916e52459230780f5b2570dcfb/kafka-server-common-3.9.1-test.jar:/Users/shad0wx7/.gradle/caches/modules-2/files-2.1/org.apache.kafka/kafka-streams-test-utils/3.9.1/7d12d5938210944004431d1f4b15dfd65a7c1991/kafka-streams-test-utils-3.9.1.jar:/Users/shad0wx7/.gradle/caches/modules-2/files-2.1/org.apache.kafka/kafka-transaction-coordinator/3.9.1/385f78f00961bb766332b7bc64dbb13dfb829714/kafka-transaction-coordinator-3.9.1.jar:/Users/shad0wx7/.gradle/caches/modules-2/files-2.1/org.apache.kafka/kafka-streams/3.9.1/27e040cd62483e3a962ce0f6d96b07c6934a73/kafka-streams-3.9.1.jar:/Users/shad0wx7/.gradle/caches/modules-2/files-2.1/org.apache.kafka/kafka-group-coordinator-api/3.9.1/4f90e77bae45b5a9f4571f7f24b6a71510255526/kafka-group-coordinator-api-3.9.1.jar:/Users/shad0wx7/.gradle/caches/modules-2/files-2.1/org.apache.kafka/kafka-tools-api/3.9.1/cf141878a00601b826fa771e2630c400c7f3ff75/kafka-tools-api-3.9.1.jar:/Users/shad0wx7/.gradle/caches/modules-2/files-2.1/org.apache.kafka/kafka-clients/3.9.1/86ca079953ed5606257ff298c24666b26da6985b/kafka-clients-3.9.1.jar:/Users/shad0wx7/.gradle/caches/modules-2/files-2.1/org.apache.kafka/kafka-clients/3.9.1/bf2ea67f7d5c4fa96b3d3a01b537c9cf49a34419/kafka-clients-3.9.1-test.jar:/Users/shad0wx7/.gradle/caches/modules-2/files-2.1/org.checkerframework/checker-qual/3.49.3/119a4df4ba2e6a432b23989a785f81be38a56849/checker-qual-3.49.3.jar:/Users/shad0wx7/.gradle/caches/modules-2/files-2.1/com.fasterxml.jackson.datatype/jackson-datatype-jsr310/2.19.1/e9df57105f3b0730040ad7f3a1b603684a3329f4/jackson-datatype-jsr310-2.19.1.jar:/Users/shad0wx7/.gradle/caches/modules-2/files-2.1/com.fasterxml.jackson.module/jackson-module-parameter-names/2.19.1/133a9dc4ff2413035dc7ca8a9aa6a1da3667ddfb/jackson-module-parameter-names-2.19.1.jar:/Users/shad0wx7/.gradle/caches/modules-2/files-2.1/com.fasterxml.jackson.module/jackson-module-scala_2.13/2.19.1/532aacaf07ecab86a7785035228fc36962744b2b/jackson-module-scala_2.13-2.19.1.jar:/Users/shad0wx7/.gradle/caches/modules-2/files-2.1/com.fasterxml.jackson.dataformat/jackson-dataformat-csv/2.19.1/360dfac6f65017e4161cb1c84eeec958af5e1969/jackson-dataformat-csv-2.19.1.jar:/Users/shad0wx7/.gradle/caches/modules-2/files-2.1/org.testcontainers/jdbc/1.21.2/add1cf7b1c8f0ec3a3189793e90a7a967000cf95/jdbc-1.21.2.jar:/Users/shad0wx7/.gradle/caches/modules-2/files-2.1/org.testcontainers/database-commons/1.21.2/5c5a96de87527f78e1c5d9b82e9f265c89075883/database-commons-1.21.2.jar:/Users/shad0wx7/.gradle/caches/modules-2/files-2.1/org.testcontainers/testcontainers/1.21.2/767ba5dd3bac10c160e4c4dacbb844ca4fbf5799/testcontainers-1.21.2.jar:/Users/shad0wx7/.gradle/caches/modules-2/files-2.1/com.github.docker-java/docker-java-api/3.4.2/90aef34aa23575de51923c83771fbe378b2eb4e5/docker-java-api-3.4.2.jar:/Users/shad0wx7/.gradle/caches/modules-2/files-2.1/com.fasterxml.jackson.core/jackson-annotations/2.19.1/37e4f0c5dba684e00137defdb04ad9df95920c44/jackson-annotations-2.19.1.jar:/Users/shad0wx7/.gradle/caches/modules-2/files-2.1/com.fasterxml.jackson.core/jackson-core/2.19.1/6e5a8cb8a6cada322497cefb7726657d98aaee15/jackson-core-2.19.1.jar:/Users/shad0wx7/.gradle/caches/modules-2/files-2.1/com.fasterxml.jackson.datatype/jackson-datatype-jdk8/2.19.1/eabbc99d0e146b1a7085fddd02568faf1d3b4ab1/jackson-datatype-jdk8-2.19.1.jar:/Users/shad0wx7/.gradle/caches/modules-2/files-2.1/com.fasterxml.jackson.core/jackson-databind/2.19.1/e8cb8e76faea3e0791165f5d3614fc45933b2ee0/jackson-databind-2.19.1.jar:/Users/shad0wx7/.gradle/caches/modules-2/files-2.1/com.jayway.jsonpath/json-path/2.9.0/37fe2217f577b0b68b18e62c4d17a8858ecf9b69/json-path-2.9.0.jar:/Users/shad0wx7/.gradle/caches/modules-2/files-2.1/org.springframework/spring-oxm/6.2.8/9f2ee9b855d8b978c39051697d69a5673b669b6e/spring-oxm-6.2.8.jar:/Users/shad0wx7/.gradle/caches/modules-2/files-2.1/org.glassfish.jaxb/jaxb-runtime/4.0.5/ca84c2a7169b5293e232b9d00d1e4e36d4c3914a/jaxb-runtime-4.0.5.jar:/Users/shad0wx7/.gradle/caches/modules-2/files-2.1/org.glassfish.jaxb/jaxb-core/4.0.5/7b4b11ea5542eea4ad55e1080b23be436795b3/jaxb-core-4.0.5.jar:/Users/shad0wx7/.gradle/caches/modules-2/files-2.1/jakarta.xml.bind/jakarta.xml.bind-api/4.0.2/6cd5a999b834b63238005b7144136379dc36cad2/jakarta.xml.bind-api-4.0.2.jar:/Users/shad0wx7/.gradle/caches/modules-2/files-2.1/net.minidev/json-smart/2.5.2/95d166b18f95907be0f46cdb9e1c0695eed03387/json-smart-2.5.2.jar:/Users/shad0wx7/.gradle/caches/modules-2/files-2.1/org.assertj/assertj-core/3.27.3/31f5d58a202bd5df4993fb10fa2cffd610c20d6f/assertj-core-3.27.3.jar:/Users/shad0wx7/.gradle/caches/modules-2/files-2.1/org.awaitility/awaitility/4.2.2/7336242073ebf83fe034e42b46a403c5501b63c9/awaitility-4.2.2.jar:/Users/shad0wx7/.gradle/caches/modules-2/files-2.1/junit/junit/4.13.2/8ac9e16d933b6fb43bc7f576336b8f4d7eb5ba12/junit-4.13.2.jar:/Users/shad0wx7/.gradle/caches/modules-2/files-2.1/org.hamcrest/hamcrest-core/3.0/254f69f4b0ca22198acfc19fcdd5f96140431c3e/hamcrest-core-3.0.jar:/Users/shad0wx7/.gradle/caches/modules-2/files-2.1/org.hamcrest/hamcrest/3.0/8fd9b78a8e6a6510a078a9e30e9e86a6035cfaf7/hamcrest-3.0.jar:/Users/shad0wx7/.gradle/caches/modules-2/files-2.1/org.mockito/mockito-core/5.17.0/f5fe5a2f94eb65f4f83ca0607bfe13ec0d9c6f3b/mockito-core-5.17.0.jar:/Users/shad0wx7/.gradle/caches/modules-2/files-2.1/org.skyscreamer/jsonassert/1.5.3/aaa43e0823d2a0e106e8754d6a9c4ab24e05e9bc/jsonassert-1.5.3.jar:/Users/shad0wx7/.gradle/caches/modules-2/files-2.1/org.springframework/spring-test/6.2.8/f7a691aa541ec9299fdeb4d2d9a61b4c821abcf2/spring-test-6.2.8.jar:/Users/shad0wx7/.gradle/caches/modules-2/files-2.1/org.springframework.data/spring-data-commons/3.5.1/90bd3f9edcc3b98e0d49657f3f2152e933b42ae8/spring-data-commons-3.5.1.jar:/Users/shad0wx7/.gradle/caches/modules-2/files-2.1/org.springframework/spring-beans/6.2.8/9da1e690f343c30b6ed6eabd5f60ecc5dd0b225a/spring-beans-6.2.8.jar:/Users/shad0wx7/.gradle/caches/modules-2/files-2.1/org.springframework/spring-expression/6.2.8/19e6618120fab6a572880675e1c0af676c7aa4ac/spring-expression-6.2.8.jar:/Users/shad0wx7/.gradle/caches/modules-2/files-2.1/org.springframework/spring-core/6.2.8/2caf1cef93252f5ef2b7f334b8b4d61f3aecad15/spring-core-6.2.8.jar:/Users/shad0wx7/.gradle/caches/modules-2/files-2.1/org.xmlunit/xmlunit-core/2.10.2/96f4a5350433f58b3e0e7d1b862bfcd52fc8da6b/xmlunit-core-2.10.2.jar:/Users/shad0wx7/.gradle/caches/modules-2/files-2.1/org.apache.zookeeper/zookeeper/3.8.4/6638e37b887b5a279044afbdc9928e19f678eb2e/zookeeper-3.8.4.jar:/Users/shad0wx7/.gradle/caches/modules-2/files-2.1/org.springframework.boot/spring-boot-starter-logging/3.5.3/7013c1aff95fd599eb291fe34924c59d1ea88c5b/spring-boot-starter-logging-3.5.3.jar:/Users/shad0wx7/.gradle/caches/modules-2/files-2.1/jakarta.annotation/jakarta.annotation-api/2.1.1/48b9bda22b091b1f48b13af03fe36db3be6e1ae3/jakarta.annotation-api-2.1.1.jar:/Users/shad0wx7/.gradle/caches/modules-2/files-2.1/org.yaml/snakeyaml/2.4/e0666b825b796f85521f02360e77f4c92c5a7a07/snakeyaml-2.4.jar:/Users/shad0wx7/.gradle/caches/modules-2/files-2.1/org.apache.tomcat.embed/tomcat-embed-websocket/10.1.42/e47e420583a372feaece0dc9b8a9a63c4bfcd093/tomcat-embed-websocket-10.1.42.jar:/Users/shad0wx7/.gradle/caches/modules-2/files-2.1/org.apache.tomcat.embed/tomcat-embed-core/10.1.42/8906a203edef16fa6013635925bf9f5d1dbe5639/tomcat-embed-core-10.1.42.jar:/Users/shad0wx7/.gradle/caches/modules-2/files-2.1/com.zaxxer/HikariCP/6.3.0/bebd113244c9d9926c6b792f28110ed6380cacc2/HikariCP-6.3.0.jar:/Users/shad0wx7/.gradle/caches/modules-2/files-2.1/jakarta.persistence/jakarta.persistence-api/3.1.0/66901fa1c373c6aff65c13791cc11da72060a8d6/jakarta.persistence-api-3.1.0.jar:/Users/shad0wx7/.gradle/caches/modules-2/files-2.1/jakarta.transaction/jakarta.transaction-api/2.0.1/51a520e3fae406abb84e2e1148e6746ce3f80a1a/jakarta.transaction-api-2.0.1.jar:/Users/shad0wx7/.gradle/caches/modules-2/files-2.1/org.jboss.logging/jboss-logging/3.6.1.Final/886afbb445b4016a37c8960a7aef6ebd769ce7e5/jboss-logging-3.6.1.Final.jar:/Users/shad0wx7/.gradle/caches/modules-2/files-2.1/org.hibernate.common/hibernate-commons-annotations/7.0.3.Final/e183c4be8bb41d12e9f19b374e00c34a0a85f439/hibernate-commons-annotations-7.0.3.Final.jar:/Users/shad0wx7/.gradle/caches/modules-2/files-2.1/io.smallrye/jandex/3.2.0/f17ad860f62a08487b9edabde608f8ac55c62fa7/jandex-3.2.0.jar:/Users/shad0wx7/.gradle/caches/modules-2/files-2.1/com.fasterxml/classmate/1.7.0/e98374da1f2143ac8e6e0a95036994bb19137a3/classmate-1.7.0.jar:/Users/shad0wx7/.gradle/caches/modules-2/files-2.1/net.bytebuddy/byte-buddy/1.17.6/8c70cbc6950b2ae5291a98d5003e06406d633803/byte-buddy-1.17.6.jar:/Users/shad0wx7/.gradle/caches/modules-2/files-2.1/jakarta.inject/jakarta.inject-api/2.0.1/4c28afe1991a941d7702fe1362c365f0a8641d1e/jakarta.inject-api-2.0.1.jar:/Users/shad0wx7/.gradle/caches/modules-2/files-2.1/org.antlr/antlr4-runtime/4.13.0/5a02e48521624faaf5ff4d99afc88b01686af655/antlr4-runtime-4.13.0.jar:/Users/shad0wx7/.gradle/caches/modules-2/files-2.1/redis.clients.authentication/redis-authx-core/0.1.1-beta2/4037345ff29fb22c737bab2ed116a34262718ae5/redis-authx-core-0.1.1-beta2.jar:/Users/shad0wx7/.gradle/caches/modules-2/files-2.1/ch.qos.logback/logback-classic/1.5.18/fc371f3fc97a639de2d67947cffb7518ec5e3d40/logback-classic-1.5.18.jar:/Users/shad0wx7/.gradle/caches/modules-2/files-2.1/com.yammer.metrics/metrics-core/2.2.0/f82c035cfa786d3cbec362c38c22a5f5b1bc8724/metrics-core-2.2.0.jar:/Users/shad0wx7/.gradle/caches/modules-2/files-2.1/org.bitbucket.b_c/jose4j/0.9.4/7efe6ccf593e52a2b77f98de52238f15b4a67188/jose4j-0.9.4.jar:/Users/shad0wx7/.gradle/caches/modules-2/files-2.1/com.typesafe.scala-logging/scala-logging_2.13/3.9.5/d5a0f61168371d8cff1c510f55407aa46bea8366/scala-logging_2.13-3.9.5.jar:/Users/shad0wx7/.gradle/caches/modules-2/files-2.1/io.dropwizard.metrics/metrics-core/4.1.12.1/cb2f351bf4463751201f43bb99865235d5ba07ca/metrics-core-4.1.12.1.jar:/Users/shad0wx7/.gradle/caches/modules-2/files-2.1/com.github.docker-java/docker-java-transport-zerodep/3.4.2/784b535b8e294e699032abead0687b6773761e34/docker-java-transport-zerodep-3.4.2.jar:/Users/shad0wx7/.gradle/caches/modules-2/files-2.1/org.apache.logging.log4j/log4j-to-slf4j/2.24.3/da1143e2a2531ee1c2d90baa98eb50a28a39d5a7/log4j-to-slf4j-2.24.3.jar:/Users/shad0wx7/.gradle/caches/modules-2/files-2.1/org.slf4j/jul-to-slf4j/2.0.17/524cb6ccc2b68a57604750e1ab8b13b5a786a6aa/jul-to-slf4j-2.0.17.jar:/Users/shad0wx7/.gradle/caches/modules-2/files-2.1/org.slf4j/slf4j-api/2.0.17/d9e58ac9c7779ba3bf8142aff6c830617a7fe60f/slf4j-api-2.0.17.jar:/Users/shad0wx7/.gradle/caches/modules-2/files-2.1/org.aspectj/aspectjweaver/1.9.24/9b5aeb0cea9f958b9c57fb80e62996e95a3e9379/aspectjweaver-1.9.24.jar:/Users/shad0wx7/.gradle/caches/modules-2/files-2.1/io.netty/netty-handler/4.1.122.Final/6b5a56d02ec6c832c9bebcb7708768458323d0cc/netty-handler-4.1.122.Final.jar:/Users/shad0wx7/.gradle/caches/modules-2/files-2.1/io.netty/netty-transport-native-epoll/4.1.122.Final/1e3e0bb65afbf5d98214b40c5526b3993b1960a2/netty-transport-native-epoll-4.1.122.Final.jar:/Users/shad0wx7/.gradle/caches/modules-2/files-2.1/io.netty/netty-transport-classes-epoll/4.1.122.Final/4f0b6f66b8f46f1654a58ed79eed0a6b047f4255/netty-transport-classes-epoll-4.1.122.Final.jar:/Users/shad0wx7/.gradle/caches/modules-2/files-2.1/io.netty/netty-transport-native-unix-common/4.1.122.Final/27ce9402817d5578c6b14c31a02d781e3b4fa5b5/netty-transport-native-unix-common-4.1.122.Final.jar:/Users/shad0wx7/.gradle/caches/modules-2/files-2.1/io.netty/netty-codec/4.1.122.Final/f2e092b0d225ae2984270df3005cbae165400f20/netty-codec-4.1.122.Final.jar:/Users/shad0wx7/.gradle/caches/modules-2/files-2.1/io.netty/netty-transport/4.1.122.Final/523b19bb713f6b78bdbecda850676ab0c19b07f2/netty-transport-4.1.122.Final.jar:/Users/shad0wx7/.gradle/caches/modules-2/files-2.1/io.netty/netty-resolver/4.1.122.Final/ee7672587266524b2256c0fcd1758da7c8998119/netty-resolver-4.1.122.Final.jar:/Users/shad0wx7/.gradle/caches/modules-2/files-2.1/io.netty/netty-buffer/4.1.122.Final/d5798d560039426a5c8c69fbe187c0f8cb6ec0ae/netty-buffer-4.1.122.Final.jar:/Users/shad0wx7/.gradle/caches/modules-2/files-2.1/io.netty/netty-common/4.1.122.Final/69c279440faa94ad5f5b498a73a90d209f821536/netty-common-4.1.122.Final.jar:/Users/shad0wx7/.gradle/caches/modules-2/files-2.1/org.reactivestreams/reactive-streams/1.0.4/3864a1320d97d7b045f729a326e1e077661f31b7/reactive-streams-1.0.4.jar:/Users/shad0wx7/.gradle/caches/modules-2/files-2.1/jakarta.validation/jakarta.validation-api/3.0.2/92b6631659ba35ca09e44874d3eb936edfeee532/jakarta.validation-api-3.0.2.jar:/Users/shad0wx7/.gradle/caches/modules-2/files-2.1/io.micrometer/micrometer-commons/1.15.1/43cbe2327f4e3f5cbfda6be64418c66b9b62f4ec/micrometer-commons-1.15.1.jar:/Users/shad0wx7/.gradle/caches/modules-2/files-2.1/com.github.luben/zstd-jni/1.5.6-4/ba9e303e0b5e94cdd0017390d7d8c06f47fd61f7/zstd-jni-1.5.6-4.jar:/Users/shad0wx7/.gradle/caches/modules-2/files-2.1/org.lz4/lz4-java/1.8.0/4b986a99445e49ea5fbf5d149c4b63f6ed6c6780/lz4-java-1.8.0.jar:/Users/shad0wx7/.gradle/caches/modules-2/files-2.1/org.xerial.snappy/snappy-java/1.1.10.5/ac605269f3598506196e469f1fb0d7ed5c55059e/snappy-java-1.1.10.5.jar:/Users/shad0wx7/.gradle/caches/modules-2/files-2.1/org.eclipse.angus/angus-activation/2.0.2/41f1e0ddd157c856926ed149ab837d110955a9fc/angus-activation-2.0.2.jar:/Users/shad0wx7/.gradle/caches/modules-2/files-2.1/jakarta.activation/jakarta.activation-api/2.1.3/fa165bd70cda600368eee31555222776a46b881f/jakarta.activation-api-2.1.3.jar:/Users/shad0wx7/.gradle/caches/modules-2/files-2.1/net.minidev/accessors-smart/2.5.2/ce16fd235cfee48e67eda33e684423bba09f7d07/accessors-smart-2.5.2.jar:/Users/shad0wx7/.gradle/caches/modules-2/files-2.1/net.bytebuddy/byte-buddy-agent/1.17.6/17b32fd9f57deef02842f7f05abc4ad8127fe34e/byte-buddy-agent-1.17.6.jar:/Users/shad0wx7/.gradle/caches/modules-2/files-2.1/org.objenesis/objenesis/3.3/1049c09f1de4331e8193e579448d0916d75b7631/objenesis-3.3.jar:/Users/shad0wx7/.gradle/caches/modules-2/files-2.1/com.vaadin.external.google/android-json/0.0.20131108.vaadin1/fa26d351fe62a6a17f5cda1287c1c6110dec413f/android-json-0.0.20131108.vaadin1.jar:/Users/shad0wx7/.gradle/caches/modules-2/files-2.1/org.springframework/spring-jcl/6.2.8/b806d8d270a8eebaca56f6b4dae8f627460b0d4e/spring-jcl-6.2.8.jar:/Users/shad0wx7/.gradle/caches/modules-2/files-2.1/org.apache.zookeeper/zookeeper-jute/3.8.4/de7b8a41bbe1ccdfc009de51fa6d160db3ca8025/zookeeper-jute-3.8.4.jar:/Users/shad0wx7/.gradle/caches/modules-2/files-2.1/org.apache.yetus/audience-annotations/0.12.0/e0efa60318229590103e31c69ebdaae56d903644/audience-annotations-0.12.0.jar:/Users/shad0wx7/.gradle/caches/modules-2/files-2.1/ch.qos.logback/logback-core/1.5.18/6c0375624f6f36b4e089e2488ba21334a11ef13f/logback-core-1.5.18.jar:/Users/shad0wx7/.gradle/caches/modules-2/files-2.1/commons-io/commons-io/2.14.0/a4c6e1f6c196339473cd2e1b037f0eb97c62755b/commons-io-2.14.0.jar:/Users/shad0wx7/.gradle/caches/modules-2/files-2.1/net.sf.jopt-simple/jopt-simple/5.0.4/4fdac2fbe92dfad86aa6e9301736f6b4342a3f5c/jopt-simple-5.0.4.jar:/Users/shad0wx7/.gradle/caches/modules-2/files-2.1/org.pcollections/pcollections/4.0.1/59f3bf5fb28c5f5386804dcf129267416b75d7c/pcollections-4.0.1.jar:/Users/shad0wx7/.gradle/caches/modules-2/files-2.1/net.sourceforge.argparse4j/argparse4j/0.7.0/6f0621d0c3888de39e0f06d01f37ba53a798e657/argparse4j-0.7.0.jar:/Users/shad0wx7/.gradle/caches/modules-2/files-2.1/commons-validator/commons-validator/1.7/76069c915de3787f3ddd8726a56f47a95bfcbb0e/commons-validator-1.7.jar:/Users/shad0wx7/.gradle/caches/modules-2/files-2.1/org.scala-lang.modules/scala-collection-compat_2.13/2.10.0/2464528d14329ff2b44bceff918d6c00300adcf4/scala-collection-compat_2.13-2.10.0.jar:/Users/shad0wx7/.gradle/caches/modules-2/files-2.1/org.scala-lang.modules/scala-java8-compat_2.13/1.0.2/5b54f60ccf03e41e24c466462a72475ee918c304/scala-java8-compat_2.13-1.0.2.jar:/Users/shad0wx7/.gradle/caches/modules-2/files-2.1/org.scala-lang/scala-reflect/2.13.15/355927b10366563a8f1b56c1f34ff376f2f7c8c5/scala-reflect-2.13.15.jar:/Users/shad0wx7/.gradle/caches/modules-2/files-2.1/commons-cli/commons-cli/1.4/c51c00206bb913cd8612b24abd9fa98ae89719b1/commons-cli-1.4.jar:/Users/shad0wx7/.gradle/caches/modules-2/files-2.1/org.scala-lang/scala-library/2.13.16/9e064d9304904fd7b6bd2b55a9e601b8c1c9006e/scala-library-2.13.16.jar:/Users/shad0wx7/.gradle/caches/modules-2/files-2.1/org.opentest4j/opentest4j/1.3.0/152ea56b3a72f655d4fd677fc0ef2596c3dd5e6e/opentest4j-1.3.0.jar:/Users/shad0wx7/.gradle/caches/modules-2/files-2.1/org.springframework.security/spring-security-crypto/6.5.1/fb3f9675a194778207a497c658102f55f841b77e/spring-security-crypto-6.5.1.jar:/Users/shad0wx7/.gradle/caches/modules-2/files-2.1/org.apache.commons/commons-compress/1.24.0/b4b1b5a3d9573b2970fddab236102c0a4d27d35e/commons-compress-1.24.0.jar:/Users/shad0wx7/.gradle/caches/modules-2/files-2.1/org.rnorth.duct-tape/duct-tape/1.0.8/92edc22a9ab2f3e17c9bf700aaee377d50e8b530/duct-tape-1.0.8.jar:/Users/shad0wx7/.gradle/caches/modules-2/files-2.1/org.hdrhistogram/HdrHistogram/2.2.2/7959933ebcc0f05b2eaa5af0a0c8689fa257b15c/HdrHistogram-2.2.2.jar:/Users/shad0wx7/.gradle/caches/modules-2/files-2.1/org.latencyutils/LatencyUtils/2.0.3/769c0b82cb2421c8256300e907298a9410a2a3d3/LatencyUtils-2.0.3.jar:/Users/shad0wx7/.gradle/caches/modules-2/files-2.1/org.ow2.asm/asm/9.7.1/f0ed132a49244b042cd0e15702ab9f2ce3cc8436/asm-9.7.1.jar:/Users/shad0wx7/.gradle/caches/modules-2/files-2.1/com.github.ben-manes.caffeine/caffeine/3.2.1/f5b6d9d584c6751ac8a7e89f1c33d9288f5247be/caffeine-3.2.1.jar:/Users/shad0wx7/.gradle/caches/modules-2/files-2.1/org.rocksdb/rocksdbjni/7.9.2/6409b667493149191b09fe1fce94bada6096a3e9/rocksdbjni-7.9.2.jar:/Users/shad0wx7/.gradle/caches/modules-2/files-2.1/commons-beanutils/commons-beanutils/1.9.4/d52b9abcd97f38c81342bb7e7ae1eee9b73cba51/commons-beanutils-1.9.4.jar:/Users/shad0wx7/.gradle/caches/modules-2/files-2.1/commons-digester/commons-digester/2.1/73a8001e7a54a255eef0f03521ec1805dc738ca0/commons-digester-2.1.jar:/Users/shad0wx7/.gradle/caches/modules-2/files-2.1/commons-collections/commons-collections/3.2.2/8ad72fe39fa8c91eaaf12aadb21e0c3661fe26d5/commons-collections-3.2.2.jar:/Users/shad0wx7/.gradle/caches/modules-2/files-2.1/com.thoughtworks.paranamer/paranamer/2.8.3/75ae4eb129574b7fc0df5fa8808d7ed625be815d/paranamer-2.8.3.jar:/Users/shad0wx7/.gradle/caches/modules-2/files-2.1/org.jetbrains/annotations/17.0.0/8ceead41f4e71821919dbdb7a9847608f1a938cb/annotations-17.0.0.jar:/Users/shad0wx7/.gradle/caches/modules-2/files-2.1/com.github.docker-java/docker-java-transport/3.4.2/e70abb944ff1fe7c25fbcdecd31c732772a07a6e/docker-java-transport-3.4.2.jar:/Users/shad0wx7/.gradle/caches/modules-2/files-2.1/net.java.dev.jna/jna/5.13.0/1200e7ebeedbe0d10062093f32925a912020e747/jna-5.13.0.jar:/Users/shad0wx7/.gradle/caches/modules-2/files-2.1/org.apache.logging.log4j/log4j-api/2.24.3/b02c125db8b6d295adf72ae6e71af5d83bce2370/log4j-api-2.24.3.jar:/Users/shad0wx7/.gradle/caches/modules-2/files-2.1/org.glassfish.jaxb/txw2/4.0.5/f36a4ef12120a9bb06d766d6a0e54b144fd7ed98/txw2-4.0.5.jar:/Users/shad0wx7/.gradle/caches/modules-2/files-2.1/com.sun.istack/istack-commons-runtime/4.1.2/18ec117c85f3ba0ac65409136afa8e42bc74e739/istack-commons-runtime-4.1.2.jar:/Users/shad0wx7/.gradle/caches/modules-2/files-2.1/org.jspecify/jspecify/1.0.0/7425a601c1c7ec76645a78d22b8c6a627edee507/jspecify-1.0.0.jar:/Users/shad0wx7/.gradle/caches/modules-2/files-2.1/com.google.errorprone/error_prone_annotations/2.38.0/fc0ae991433e8590ba51cd558421478318a74c8c/error_prone_annotations-2.38.0.jar
2025-08-13T19:43:09.123+03:00  INFO 12538 --- [    Test worker] o.a.zookeeper.server.ZooKeeperServer     : Server environment:java.library.path=/Users/shad0wx7/Library/Java/Extensions:/Library/Java/Extensions:/Network/Library/Java/Extensions:/System/Library/Java/Extensions:/usr/lib/java:.
2025-08-13T19:43:09.123+03:00  INFO 12538 --- [    Test worker] o.a.zookeeper.server.ZooKeeperServer     : Server environment:java.io.tmpdir=/var/folders/4v/vcx3hdsd6mx4rh9bp51wh9jh0000gn/T/
2025-08-13T19:43:09.123+03:00  INFO 12538 --- [    Test worker] o.a.zookeeper.server.ZooKeeperServer     : Server environment:java.compiler=<NA>
2025-08-13T19:43:09.123+03:00  INFO 12538 --- [    Test worker] o.a.zookeeper.server.ZooKeeperServer     : Server environment:os.name=Mac OS X
2025-08-13T19:43:09.123+03:00  INFO 12538 --- [    Test worker] o.a.zookeeper.server.ZooKeeperServer     : Server environment:os.arch=aarch64
2025-08-13T19:43:09.123+03:00  INFO 12538 --- [    Test worker] o.a.zookeeper.server.ZooKeeperServer     : Server environment:os.version=15.6
2025-08-13T19:43:09.123+03:00  INFO 12538 --- [    Test worker] o.a.zookeeper.server.ZooKeeperServer     : Server environment:user.name=shad0wx7
2025-08-13T19:43:09.123+03:00  INFO 12538 --- [    Test worker] o.a.zookeeper.server.ZooKeeperServer     : Server environment:user.home=/Users/shad0wx7
2025-08-13T19:43:09.123+03:00  INFO 12538 --- [    Test worker] o.a.zookeeper.server.ZooKeeperServer     : Server environment:user.dir=/Users/shad0wx7/Documents/eventpulse 
2025-08-13T19:43:09.123+03:00  INFO 12538 --- [    Test worker] o.a.zookeeper.server.ZooKeeperServer     : Server environment:os.memory.free=47MB
2025-08-13T19:43:09.123+03:00  INFO 12538 --- [    Test worker] o.a.zookeeper.server.ZooKeeperServer     : Server environment:os.memory.max=512MB
2025-08-13T19:43:09.123+03:00  INFO 12538 --- [    Test worker] o.a.zookeeper.server.ZooKeeperServer     : Server environment:os.memory.total=80MB
2025-08-13T19:43:09.123+03:00  INFO 12538 --- [    Test worker] o.a.zookeeper.server.ZooKeeperServer     : zookeeper.enableEagerACLCheck = false
2025-08-13T19:43:09.124+03:00  INFO 12538 --- [    Test worker] o.a.zookeeper.server.ZooKeeperServer     : zookeeper.digest.enabled = true
2025-08-13T19:43:09.124+03:00  INFO 12538 --- [    Test worker] o.a.zookeeper.server.ZooKeeperServer     : zookeeper.closeSessionTxn.enabled = true
2025-08-13T19:43:09.124+03:00  INFO 12538 --- [    Test worker] o.a.zookeeper.server.ZooKeeperServer     : zookeeper.flushDelay = 0 ms
2025-08-13T19:43:09.124+03:00  INFO 12538 --- [    Test worker] o.a.zookeeper.server.ZooKeeperServer     : zookeeper.maxWriteQueuePollTime = 0 ms
2025-08-13T19:43:09.124+03:00  INFO 12538 --- [    Test worker] o.a.zookeeper.server.ZooKeeperServer     : zookeeper.maxBatchSize=1000
2025-08-13T19:43:09.124+03:00  INFO 12538 --- [    Test worker] o.a.zookeeper.server.ZooKeeperServer     : zookeeper.intBufferStartingSizeBytes = 1024
2025-08-13T19:43:09.125+03:00  INFO 12538 --- [    Test worker] o.a.z.server.persistence.FileTxnSnapLog  : zookeeper.snapshot.trust.empty : false
2025-08-13T19:43:09.133+03:00  INFO 12538 --- [    Test worker] o.a.z.server.watch.WatchManagerFactory   : Using org.apache.zookeeper.server.watch.WatchManager as watch manager
2025-08-13T19:43:09.133+03:00  INFO 12538 --- [    Test worker] o.a.z.server.watch.WatchManagerFactory   : Using org.apache.zookeeper.server.watch.WatchManager as watch manager
2025-08-13T19:43:09.133+03:00  INFO 12538 --- [    Test worker] org.apache.zookeeper.server.ZKDatabase   : zookeeper.snapshotSizeFactor = 0.33
2025-08-13T19:43:09.133+03:00  INFO 12538 --- [    Test worker] org.apache.zookeeper.server.ZKDatabase   : zookeeper.commitLogCount=500
2025-08-13T19:43:09.134+03:00  INFO 12538 --- [    Test worker] o.apache.zookeeper.server.BlueThrottle   : Weighed connection throttling is disabled
2025-08-13T19:43:09.135+03:00  INFO 12538 --- [    Test worker] o.a.zookeeper.server.ZooKeeperServer     : minSessionTimeout set to 1600 ms
2025-08-13T19:43:09.135+03:00  INFO 12538 --- [    Test worker] o.a.zookeeper.server.ZooKeeperServer     : maxSessionTimeout set to 16000 ms
2025-08-13T19:43:09.136+03:00  INFO 12538 --- [    Test worker] o.apache.zookeeper.server.ResponseCache  : getData response cache size is initialized with value 400.
2025-08-13T19:43:09.136+03:00  INFO 12538 --- [    Test worker] o.apache.zookeeper.server.ResponseCache  : getChildren response cache size is initialized with value 400.
2025-08-13T19:43:09.136+03:00  INFO 12538 --- [    Test worker] o.a.z.s.u.RequestPathMetricsCollector    : zookeeper.pathStats.slotCapacity = 60
2025-08-13T19:43:09.136+03:00  INFO 12538 --- [    Test worker] o.a.z.s.u.RequestPathMetricsCollector    : zookeeper.pathStats.slotDuration = 15
2025-08-13T19:43:09.136+03:00  INFO 12538 --- [    Test worker] o.a.z.s.u.RequestPathMetricsCollector    : zookeeper.pathStats.maxDepth = 6
2025-08-13T19:43:09.136+03:00  INFO 12538 --- [    Test worker] o.a.z.s.u.RequestPathMetricsCollector    : zookeeper.pathStats.initialDelay = 5
2025-08-13T19:43:09.136+03:00  INFO 12538 --- [    Test worker] o.a.z.s.u.RequestPathMetricsCollector    : zookeeper.pathStats.delay = 5
2025-08-13T19:43:09.136+03:00  INFO 12538 --- [    Test worker] o.a.z.s.u.RequestPathMetricsCollector    : zookeeper.pathStats.enabled = false
2025-08-13T19:43:09.137+03:00  INFO 12538 --- [    Test worker] o.a.zookeeper.server.ZooKeeperServer     : The max bytes for all large requests are set to 104857600
2025-08-13T19:43:09.137+03:00  INFO 12538 --- [    Test worker] o.a.zookeeper.server.ZooKeeperServer     : The large request threshold is set to -1
2025-08-13T19:43:09.137+03:00  INFO 12538 --- [    Test worker] o.a.z.server.AuthenticationHelper        : zookeeper.enforce.auth.enabled = false
2025-08-13T19:43:09.137+03:00  INFO 12538 --- [    Test worker] o.a.z.server.AuthenticationHelper        : zookeeper.enforce.auth.schemes = []
2025-08-13T19:43:09.138+03:00  INFO 12538 --- [    Test worker] o.a.zookeeper.server.ZooKeeperServer     : Created server with tickTime 800 ms minSessionTimeout 1600 ms maxSessionTimeout 16000 ms clientPortListenBacklog -1 datadir /var/folders/4v/vcx3hdsd6mx4rh9bp51wh9jh0000gn/T/kafka-13613325634324365314/version-2 snapdir /var/folders/4v/vcx3hdsd6mx4rh9bp51wh9jh0000gn/T/kafka-8327387409698079643/version-2
2025-08-13T19:43:09.142+03:00  WARN 12538 --- [    Test worker] o.a.zookeeper.server.ServerCnxnFactory   : maxCnxns is not configured, using default value 0.
2025-08-13T19:43:09.143+03:00  INFO 12538 --- [    Test worker] o.a.z.server.NIOServerCnxnFactory        : Configuring NIO connection handler with 10s sessionless connection timeout, 2 selector thread(s), 22 worker threads, and 64 kB direct buffers.
2025-08-13T19:43:09.145+03:00  INFO 12538 --- [    Test worker] o.a.z.server.NIOServerCnxnFactory        : binding to port /127.0.0.1:0
2025-08-13T19:43:09.153+03:00  INFO 12538 --- [    Test worker] o.a.z.server.persistence.SnapStream      : zookeeper.snapshot.compression.method = CHECKED
2025-08-13T19:43:09.153+03:00  INFO 12538 --- [    Test worker] o.a.z.server.persistence.FileTxnSnapLog  : Snapshotting: 0x0 to /var/folders/4v/vcx3hdsd6mx4rh9bp51wh9jh0000gn/T/kafka-8327387409698079643/version-2/snapshot.0
2025-08-13T19:43:09.155+03:00  INFO 12538 --- [    Test worker] org.apache.zookeeper.server.ZKDatabase   : Snapshot loaded in 9 ms, highest zxid is 0x0, digest is 1371985504
2025-08-13T19:43:09.155+03:00  INFO 12538 --- [    Test worker] o.a.z.server.persistence.FileTxnSnapLog  : Snapshotting: 0x0 to /var/folders/4v/vcx3hdsd6mx4rh9bp51wh9jh0000gn/T/kafka-8327387409698079643/version-2/snapshot.0
2025-08-13T19:43:09.155+03:00  INFO 12538 --- [    Test worker] o.a.zookeeper.server.ZooKeeperServer     : Snapshot taken in 0 ms
2025-08-13T19:43:09.159+03:00  INFO 12538 --- [    Test worker] o.a.zookeeper.server.RequestThrottler    : zookeeper.request_throttler.shutdownTimeout = 10000 ms
2025-08-13T19:43:09.159+03:00  INFO 12538 --- [0 cport:63354):] o.a.z.server.PrepRequestProcessor        : PrepRequestProcessor (sid:0) started, reconfigEnabled=false
2025-08-13T19:43:09.243+03:00  INFO 12538 --- [    Test worker] kafka.server.KafkaConfig                 : KafkaConfig values: 
	advertised.listeners = null
	alter.config.policy.class.name = null
	alter.log.dirs.replication.quota.window.num = 11
	alter.log.dirs.replication.quota.window.size.seconds = 1
	authorizer.class.name = 
	auto.create.topics.enable = true
	auto.include.jmx.reporter = true
	auto.leader.rebalance.enable = true
	background.threads = 2
	broker.heartbeat.interval.ms = 2000
	broker.id = 0
	broker.id.generation.enable = true
	broker.rack = null
	broker.session.timeout.ms = 9000
	client.quota.callback.class = null
	compression.gzip.level = -1
	compression.lz4.level = 9
	compression.type = producer
	compression.zstd.level = 3
	connection.failed.authentication.delay.ms = 100
	connections.max.idle.ms = 600000
	connections.max.reauth.ms = 0
	control.plane.listener.name = null
	controlled.shutdown.enable = false
	controlled.shutdown.max.retries = 3
	controlled.shutdown.retry.backoff.ms = 100
	controller.listener.names = null
	controller.quorum.append.linger.ms = 25
	controller.quorum.bootstrap.servers = []
	controller.quorum.election.backoff.max.ms = 1000
	controller.quorum.election.timeout.ms = 1000
	controller.quorum.fetch.timeout.ms = 2000
	controller.quorum.request.timeout.ms = 2000
	controller.quorum.retry.backoff.ms = 20
	controller.quorum.voters = []
	controller.quota.window.num = 11
	controller.quota.window.size.seconds = 1
	controller.socket.timeout.ms = 1000
	create.topic.policy.class.name = null
	default.replication.factor = 1
	delegation.token.expiry.check.interval.ms = 3600000
	delegation.token.expiry.time.ms = 86400000
	delegation.token.master.key = null
	delegation.token.max.lifetime.ms = 604800000
	delegation.token.secret.key = null
	delete.records.purgatory.purge.interval.requests = 1
	delete.topic.enable = true
	early.start.listeners = null
	eligible.leader.replicas.enable = false
	fetch.max.bytes = 57671680
	fetch.purgatory.purge.interval.requests = 1000
	group.consumer.assignors = [org.apache.kafka.coordinator.group.assignor.UniformAssignor, org.apache.kafka.coordinator.group.assignor.RangeAssignor]
	group.consumer.heartbeat.interval.ms = 5000
	group.consumer.max.heartbeat.interval.ms = 15000
	group.consumer.max.session.timeout.ms = 60000
	group.consumer.max.size = 2147483647
	group.consumer.migration.policy = disabled
	group.consumer.min.heartbeat.interval.ms = 5000
	group.consumer.min.session.timeout.ms = 45000
	group.consumer.session.timeout.ms = 45000
	group.coordinator.append.linger.ms = 10
	group.coordinator.new.enable = false
	group.coordinator.rebalance.protocols = [classic]
	group.coordinator.threads = 1
	group.initial.rebalance.delay.ms = 0
	group.max.session.timeout.ms = 1800000
	group.max.size = 2147483647
	group.min.session.timeout.ms = 6000
	group.share.delivery.count.limit = 5
	group.share.enable = false
	group.share.heartbeat.interval.ms = 5000
	group.share.max.groups = 10
	group.share.max.heartbeat.interval.ms = 15000
	group.share.max.record.lock.duration.ms = 60000
	group.share.max.session.timeout.ms = 60000
	group.share.max.size = 200
	group.share.min.heartbeat.interval.ms = 5000
	group.share.min.record.lock.duration.ms = 15000
	group.share.min.session.timeout.ms = 45000
	group.share.partition.max.record.locks = 200
	group.share.record.lock.duration.ms = 30000
	group.share.session.timeout.ms = 45000
	initial.broker.registration.timeout.ms = 60000
	inter.broker.listener.name = null
	inter.broker.protocol.version = 3.9-IV0
	kafka.metrics.polling.interval.secs = 10
	kafka.metrics.reporters = []
	leader.imbalance.check.interval.seconds = 300
	leader.imbalance.per.broker.percentage = 10
	listener.security.protocol.map = SASL_SSL:SASL_SSL,PLAINTEXT:PLAINTEXT,SSL:SSL,SASL_PLAINTEXT:SASL_PLAINTEXT
	listeners = PLAINTEXT://localhost:0
	log.cleaner.backoff.ms = 15000
	log.cleaner.dedupe.buffer.size = 2097152
	log.cleaner.delete.retention.ms = 86400000
	log.cleaner.enable = true
	log.cleaner.io.buffer.load.factor = 0.9
	log.cleaner.io.buffer.size = 524288
	log.cleaner.io.max.bytes.per.second = 1.7976931348623157E308
	log.cleaner.max.compaction.lag.ms = 9223372036854775807
	log.cleaner.min.cleanable.ratio = 0.5
	log.cleaner.min.compaction.lag.ms = 0
	log.cleaner.threads = 1
	log.cleanup.policy = [delete]
	log.dir = /var/folders/4v/vcx3hdsd6mx4rh9bp51wh9jh0000gn/T/spring.kafka.1399c527-c54b-44ef-a4b0-c219706dd70217265582660929694434
	log.dir.failure.timeout.ms = 30000
	log.dirs = null
	log.flush.interval.messages = 9223372036854775807
	log.flush.interval.ms = null
	log.flush.offset.checkpoint.interval.ms = 60000
	log.flush.scheduler.interval.ms = 9223372036854775807
	log.flush.start.offset.checkpoint.interval.ms = 60000
	log.index.interval.bytes = 4096
	log.index.size.max.bytes = 10485760
	log.initial.task.delay.ms = 100
	log.local.retention.bytes = -2
	log.local.retention.ms = -2
	log.message.downconversion.enable = true
	log.message.format.version = 3.0-IV1
	log.message.timestamp.after.max.ms = 9223372036854775807
	log.message.timestamp.before.max.ms = 9223372036854775807
	log.message.timestamp.difference.max.ms = 9223372036854775807
	log.message.timestamp.type = CreateTime
	log.preallocate = false
	log.retention.bytes = -1
	log.retention.check.interval.ms = 300000
	log.retention.hours = 168
	log.retention.minutes = null
	log.retention.ms = null
	log.roll.hours = 168
	log.roll.jitter.hours = 0
	log.roll.jitter.ms = null
	log.roll.ms = null
	log.segment.bytes = 1073741824
	log.segment.delete.delay.ms = 1000
	max.connection.creation.rate = 2147483647
	max.connections = 2147483647
	max.connections.per.ip = 2147483647
	max.connections.per.ip.overrides = 
	max.incremental.fetch.session.cache.slots = 1000
	max.request.partition.size.limit = 2000
	message.max.bytes = 1048588
	metadata.log.dir = null
	metadata.log.max.record.bytes.between.snapshots = 20971520
	metadata.log.max.snapshot.interval.ms = 3600000
	metadata.log.segment.bytes = 1073741824
	metadata.log.segment.min.bytes = 8388608
	metadata.log.segment.ms = 604800000
	metadata.max.idle.interval.ms = 500
	metadata.max.retention.bytes = 104857600
	metadata.max.retention.ms = 604800000
	metric.reporters = []
	metrics.num.samples = 2
	metrics.recording.level = INFO
	metrics.sample.window.ms = 30000
	min.insync.replicas = 1
	node.id = 0
	num.io.threads = 8
	num.network.threads = 2
	num.partitions = 1
	num.recovery.threads.per.data.dir = 1
	num.replica.alter.log.dirs.threads = null
	num.replica.fetchers = 1
	offset.metadata.max.bytes = 4096
	offsets.commit.required.acks = -1
	offsets.commit.timeout.ms = 5000
	offsets.load.buffer.size = 5242880
	offsets.retention.check.interval.ms = 600000
	offsets.retention.minutes = 10080
	offsets.topic.compression.codec = 0
	offsets.topic.num.partitions = 5
	offsets.topic.replication.factor = 1
	offsets.topic.segment.bytes = 104857600
	password.encoder.cipher.algorithm = AES/CBC/PKCS5Padding
	password.encoder.iterations = 4096
	password.encoder.key.length = 128
	password.encoder.keyfactory.algorithm = null
	password.encoder.old.secret = null
	password.encoder.secret = null
	principal.builder.class = class org.apache.kafka.common.security.authenticator.DefaultKafkaPrincipalBuilder
	process.roles = []
	producer.id.expiration.check.interval.ms = 600000
	producer.id.expiration.ms = 86400000
	producer.purgatory.purge.interval.requests = 1000
	queued.max.request.bytes = -1
	queued.max.requests = 500
	quota.window.num = 11
	quota.window.size.seconds = 1
	remote.fetch.max.wait.ms = 500
	remote.log.index.file.cache.total.size.bytes = 1073741824
	remote.log.manager.copier.thread.pool.size = -1
	remote.log.manager.copy.max.bytes.per.second = 9223372036854775807
	remote.log.manager.copy.quota.window.num = 11
	remote.log.manager.copy.quota.window.size.seconds = 1
	remote.log.manager.expiration.thread.pool.size = -1
	remote.log.manager.fetch.max.bytes.per.second = 9223372036854775807
	remote.log.manager.fetch.quota.window.num = 11
	remote.log.manager.fetch.quota.window.size.seconds = 1
	remote.log.manager.task.interval.ms = 30000
	remote.log.manager.task.retry.backoff.max.ms = 30000
	remote.log.manager.task.retry.backoff.ms = 500
	remote.log.manager.task.retry.jitter = 0.2
	remote.log.manager.thread.pool.size = 10
	remote.log.metadata.custom.metadata.max.bytes = 128
	remote.log.metadata.manager.class.name = org.apache.kafka.server.log.remote.metadata.storage.TopicBasedRemoteLogMetadataManager
	remote.log.metadata.manager.class.path = null
	remote.log.metadata.manager.impl.prefix = rlmm.config.
	remote.log.metadata.manager.listener.name = null
	remote.log.reader.max.pending.tasks = 100
	remote.log.reader.threads = 10
	remote.log.storage.manager.class.name = null
	remote.log.storage.manager.class.path = null
	remote.log.storage.manager.impl.prefix = rsm.config.
	remote.log.storage.system.enable = false
	replica.fetch.backoff.ms = 1000
	replica.fetch.max.bytes = 1048576
	replica.fetch.min.bytes = 1
	replica.fetch.response.max.bytes = 10485760
	replica.fetch.wait.max.ms = 500
	replica.high.watermark.checkpoint.interval.ms = 9223372036854775807
	replica.lag.time.max.ms = 30000
	replica.selector.class = null
	replica.socket.receive.buffer.bytes = 65536
	replica.socket.timeout.ms = 1000
	replication.quota.window.num = 11
	replication.quota.window.size.seconds = 1
	request.timeout.ms = 30000
	reserved.broker.max.id = 1000
	sasl.client.callback.handler.class = null
	sasl.enabled.mechanisms = [GSSAPI]
	sasl.jaas.config = null
	sasl.kerberos.kinit.cmd = /usr/bin/kinit
	sasl.kerberos.min.time.before.relogin = 60000
	sasl.kerberos.principal.to.local.rules = [DEFAULT]
	sasl.kerberos.service.name = null
	sasl.kerberos.ticket.renew.jitter = 0.05
	sasl.kerberos.ticket.renew.window.factor = 0.8
	sasl.login.callback.handler.class = null
	sasl.login.class = null
	sasl.login.connect.timeout.ms = null
	sasl.login.read.timeout.ms = null
	sasl.login.refresh.buffer.seconds = 300
	sasl.login.refresh.min.period.seconds = 60
	sasl.login.refresh.window.factor = 0.8
	sasl.login.refresh.window.jitter = 0.05
	sasl.login.retry.backoff.max.ms = 10000
	sasl.login.retry.backoff.ms = 100
	sasl.mechanism.controller.protocol = GSSAPI
	sasl.mechanism.inter.broker.protocol = GSSAPI
	sasl.oauthbearer.clock.skew.seconds = 30
	sasl.oauthbearer.expected.audience = null
	sasl.oauthbearer.expected.issuer = null
	sasl.oauthbearer.jwks.endpoint.refresh.ms = 3600000
	sasl.oauthbearer.jwks.endpoint.retry.backoff.max.ms = 10000
	sasl.oauthbearer.jwks.endpoint.retry.backoff.ms = 100
	sasl.oauthbearer.jwks.endpoint.url = null
	sasl.oauthbearer.scope.claim.name = scope
	sasl.oauthbearer.sub.claim.name = sub
	sasl.oauthbearer.token.endpoint.url = null
	sasl.server.callback.handler.class = null
	sasl.server.max.receive.size = 524288
	security.inter.broker.protocol = PLAINTEXT
	security.providers = null
	server.max.startup.time.ms = 9223372036854775807
	socket.connection.setup.timeout.max.ms = 30000
	socket.connection.setup.timeout.ms = 10000
	socket.listen.backlog.size = 50
	socket.receive.buffer.bytes = 102400
	socket.request.max.bytes = 104857600
	socket.send.buffer.bytes = 102400
	ssl.allow.dn.changes = false
	ssl.allow.san.changes = false
	ssl.cipher.suites = []
	ssl.client.auth = none
	ssl.enabled.protocols = [TLSv1.2, TLSv1.3]
	ssl.endpoint.identification.algorithm = https
	ssl.engine.factory.class = null
	ssl.key.password = null
	ssl.keymanager.algorithm = SunX509
	ssl.keystore.certificate.chain = null
	ssl.keystore.key = null
	ssl.keystore.location = null
	ssl.keystore.password = null
	ssl.keystore.type = JKS
	ssl.principal.mapping.rules = DEFAULT
	ssl.protocol = TLSv1.3
	ssl.provider = null
	ssl.secure.random.implementation = null
	ssl.trustmanager.algorithm = PKIX
	ssl.truststore.certificates = null
	ssl.truststore.location = null
	ssl.truststore.password = null
	ssl.truststore.type = JKS
	telemetry.max.bytes = 1048576
	transaction.abort.timed.out.transaction.cleanup.interval.ms = 10000
	transaction.max.timeout.ms = 900000
	transaction.partition.verification.enable = true
	transaction.remove.expired.transaction.cleanup.interval.ms = 3600000
	transaction.state.log.load.buffer.size = 5242880
	transaction.state.log.min.isr = 2
	transaction.state.log.num.partitions = 50
	transaction.state.log.replication.factor = 1
	transaction.state.log.segment.bytes = 104857600
	transactional.id.expiration.ms = 604800000
	unclean.leader.election.enable = false
	unclean.leader.election.interval.ms = 300000
	unstable.api.versions.enable = true
	unstable.feature.versions.enable = true
	zookeeper.clientCnxnSocket = null
	zookeeper.connect = 127.0.0.1:63354
	zookeeper.connection.timeout.ms = 10000
	zookeeper.max.in.flight.requests = 10
	zookeeper.metadata.migration.enable = false
	zookeeper.metadata.migration.min.batch.size = 200
	zookeeper.session.timeout.ms = 18000
	zookeeper.set.acl = false
	zookeeper.ssl.cipher.suites = null
	zookeeper.ssl.client.enable = false
	zookeeper.ssl.crl.enable = false
	zookeeper.ssl.enabled.protocols = null
	zookeeper.ssl.endpoint.identification.algorithm = HTTPS
	zookeeper.ssl.keystore.location = null
	zookeeper.ssl.keystore.password = null
	zookeeper.ssl.keystore.type = null
	zookeeper.ssl.ocsp.enable = false
	zookeeper.ssl.protocol = TLSv1.2
	zookeeper.ssl.truststore.location = null
	zookeeper.ssl.truststore.password = null
	zookeeper.ssl.truststore.type = null

2025-08-13T19:43:09.267+03:00  INFO 12538 --- [    Test worker] org.apache.zookeeper.common.X509Util     : Setting -D jdk.tls.rejectClientInitiatedRenegotiation=true to disable client-initiated TLS renegotiation
2025-08-13T19:43:09.299+03:00  INFO 12538 --- [    Test worker] kafka.server.KafkaServer                 : starting
2025-08-13T19:43:09.300+03:00  INFO 12538 --- [    Test worker] kafka.server.KafkaServer                 : Connecting to zookeeper on 127.0.0.1:63354
2025-08-13T19:43:09.315+03:00  INFO 12538 --- [    Test worker] kafka.zookeeper.ZooKeeperClient          : [ZooKeeperClient Kafka server] Initializing a new session to 127.0.0.1:63354.
2025-08-13T19:43:09.317+03:00  INFO 12538 --- [    Test worker] org.apache.zookeeper.ZooKeeper           : Client environment:zookeeper.version=3.8.4-9316c2a7a97e1666d8f4593f34dd6fc36ecc436c, built on 2024-02-12 22:16 UTC
2025-08-13T19:43:09.317+03:00  INFO 12538 --- [    Test worker] org.apache.zookeeper.ZooKeeper           : Client environment:host.name=localhost
2025-08-13T19:43:09.317+03:00  INFO 12538 --- [    Test worker] org.apache.zookeeper.ZooKeeper           : Client environment:java.version=17.0.12
2025-08-13T19:43:09.317+03:00  INFO 12538 --- [    Test worker] org.apache.zookeeper.ZooKeeper           : Client environment:java.vendor=Oracle Corporation
2025-08-13T19:43:09.317+03:00  INFO 12538 --- [    Test worker] org.apache.zookeeper.ZooKeeper           : Client environment:java.home=/Library/Java/JavaVirtualMachines/jdk-17.jdk/Contents/Home
2025-08-13T19:43:09.317+03:00  INFO 12538 --- [    Test worker] org.apache.zookeeper.ZooKeeper           : Client environment:java.class.path=/Users/shad0wx7/.gradle/caches/8.14.3/workerMain/gradle-worker.jar:/Users/shad0wx7/Documents/eventpulse /build/classes/java/test:/Users/shad0wx7/Documents/eventpulse /build/resources/test:/Users/shad0wx7/Documents/eventpulse /build/classes/java/main:/Users/shad0wx7/Documents/eventpulse /build/resources/main:/Users/shad0wx7/.gradle/caches/modules-2/files-2.1/org.springframework.boot/spring-boot-starter-web/3.5.3/4ba7817f958e9a0b0f642af98440affd0c7e2ee0/spring-boot-starter-web-3.5.3.jar:/Users/shad0wx7/.gradle/caches/modules-2/files-2.1/org.springframework.boot/spring-boot-starter-data-jpa/3.5.3/8494346cf0bdb148ef29d5f41647b0cd6908ad7d/spring-boot-starter-data-jpa-3.5.3.jar:/Users/shad0wx7/.gradle/caches/modules-2/files-2.1/org.springframework.boot/spring-boot-starter-data-redis-reactive/3.5.3/13c2476816b49f6b0c78331a6e72ca463896308b/spring-boot-starter-data-redis-reactive-3.5.3.jar:/Users/shad0wx7/.gradle/caches/modules-2/files-2.1/org.springframework.boot/spring-boot-starter-security/3.5.3/7267fd219fc2508fff6f9991a5fee1aa28a28e85/spring-boot-starter-security-3.5.3.jar:/Users/shad0wx7/.gradle/caches/modules-2/files-2.1/org.springframework.boot/spring-boot-starter-validation/3.5.3/aaa11ca06f6701717dd7f07666079285e1a566bb/spring-boot-starter-validation-3.5.3.jar:/Users/shad0wx7/.gradle/caches/modules-2/files-2.1/org.springframework.boot/spring-boot-starter-actuator/3.5.3/981f7aa6c9a8244f88e41bd8564288657713c67d/spring-boot-starter-actuator-3.5.3.jar:/Users/shad0wx7/.gradle/caches/modules-2/files-2.1/org.springframework.kafka/spring-kafka/3.3.7/824e65af5590797390b77bbdd2f55570627cface/spring-kafka-3.3.7.jar:/Users/shad0wx7/.gradle/caches/modules-2/files-2.1/io.jsonwebtoken/jjwt-impl/0.11.5/40a599f0e8a8e4e0701596fbb15e67bfda64fdf0/jjwt-impl-0.11.5.jar:/Users/shad0wx7/.gradle/caches/modules-2/files-2.1/io.jsonwebtoken/jjwt-jackson/0.11.5/3b83a06809e98a69402d7333dcf67df6f6ea4579/jjwt-jackson-0.11.5.jar:/Users/shad0wx7/.gradle/caches/modules-2/files-2.1/io.jsonwebtoken/jjwt-api/0.11.5/f742940045619d06383e7df37b21ac422b476cf1/jjwt-api-0.11.5.jar:/Users/shad0wx7/.gradle/caches/modules-2/files-2.1/org.postgresql/postgresql/42.7.7/67f8093e8d8104c74bbf588392ac3229803f5d17/postgresql-42.7.7.jar:/Users/shad0wx7/.gradle/caches/modules-2/files-2.1/org.springframework.boot/spring-boot-starter-test/3.5.3/916e174221d2b9c770ecc12c8adc2bf2b75ff49/spring-boot-starter-test-3.5.3.jar:/Users/shad0wx7/.gradle/caches/modules-2/files-2.1/org.springframework.kafka/spring-kafka-test/3.3.7/80de3d5d4692af898b56896f9cc43bdad4eb4001/spring-kafka-test-3.3.7.jar:/Users/shad0wx7/.gradle/caches/modules-2/files-2.1/org.springframework.security/spring-security-test/6.5.1/711bd65cfd6f4444293eee1c8d5346def3d790b9/spring-security-test-6.5.1.jar:/Users/shad0wx7/.gradle/caches/modules-2/files-2.1/org.springframework.boot/spring-boot-testcontainers/3.5.3/843934d30aaa4338c6ca8c50a2fbed029caf6f30/spring-boot-testcontainers-3.5.3.jar:/Users/shad0wx7/.gradle/caches/modules-2/files-2.1/io.projectreactor/reactor-test/3.7.7/aade0f4225dc391f12ddfe195ba6691e61812f92/reactor-test-3.7.7.jar:/Users/shad0wx7/.gradle/caches/modules-2/files-2.1/org.testcontainers/junit-jupiter/1.19.3/6757a9f65ade6172b025b869ab5634fd8f4767f2/junit-jupiter-1.19.3.jar:/Users/shad0wx7/.gradle/caches/modules-2/files-2.1/org.testcontainers/kafka/1.19.3/3e042f2c694f423abea82cacb183f81fcd65c229/kafka-1.19.3.jar:/Users/shad0wx7/.gradle/caches/modules-2/files-2.1/org.testcontainers/postgresql/1.19.3/3083892c26c8dc7ce15a51450b8deeaf88185258/postgresql-1.19.3.jar:/Users/shad0wx7/.gradle/caches/modules-2/files-2.1/org.junit.jupiter/junit-jupiter/5.12.2/64d3ec64ae06517bc14b7faaaec7c996b0d05bea/junit-jupiter-5.12.2.jar:/Users/shad0wx7/.gradle/caches/modules-2/files-2.1/org.mockito/mockito-junit-jupiter/5.17.0/4399e19e3fb5b55230027583323e4c883d5da07d/mockito-junit-jupiter-5.17.0.jar:/Users/shad0wx7/.gradle/caches/modules-2/files-2.1/org.junit.jupiter/junit-jupiter-params/5.12.2/ff1434a66d1fb84c2c709cde2e2d56d5c8f4fad3/junit-jupiter-params-5.12.2.jar:/Users/shad0wx7/.gradle/caches/modules-2/files-2.1/org.junit.jupiter/junit-jupiter-engine/5.12.2/b8df7575b8cd3a94dbe27b481d1cd52c57864559/junit-jupiter-engine-5.12.2.jar:/Users/shad0wx7/.gradle/caches/modules-2/files-2.1/org.junit.jupiter/junit-jupiter-api/5.12.2/6de3a3256c5d90f4a439edcb6c2e8dc5180907b0/junit-jupiter-api-5.12.2.jar:/Users/shad0wx7/.gradle/caches/modules-2/files-2.1/org.junit.platform/junit-platform-engine/1.12.2/8519ece93f91b8115705d36be2c36d49808935cd/junit-platform-engine-1.12.2.jar:/Users/shad0wx7/.gradle/caches/modules-2/files-2.1/org.junit.platform/junit-platform-commons/1.12.2/b89e88a89ee009937374a4c96912e007b34c8e35/junit-platform-commons-1.12.2.jar:/Users/shad0wx7/.gradle/caches/modules-2/files-2.1/org.junit.platform/junit-platform-launcher/1.12.2/79d49ad13017c67a8bf76e10ba5ac8937d811772/junit-platform-launcher-1.12.2.jar:/Users/shad0wx7/.gradle/caches/modules-2/files-2.1/org.springframework.boot/spring-boot-starter-json/3.5.3/fe424c3edf444e65e3c3331a1538d31396225a3b/spring-boot-starter-json-3.5.3.jar:/Users/shad0wx7/.gradle/caches/modules-2/files-2.1/org.springframework.boot/spring-boot-starter-jdbc/3.5.3/427ff2d6cc12a5e503b1be8508db08f0c05098c0/spring-boot-starter-jdbc-3.5.3.jar:/Users/shad0wx7/.gradle/caches/modules-2/files-2.1/org.springframework.boot/spring-boot-starter/3.5.3/b978e45d89b92eedaa09d0993bed91bcf00153d4/spring-boot-starter-3.5.3.jar:/Users/shad0wx7/.gradle/caches/modules-2/files-2.1/org.springframework.boot/spring-boot-starter-tomcat/3.5.3/490bccd84af19bddcb955e722c8dcebc34cb2193/spring-boot-starter-tomcat-3.5.3.jar:/Users/shad0wx7/.gradle/caches/modules-2/files-2.1/org.springframework/spring-webmvc/6.2.8/a98cbaba4b55b4fee2d752041130e2e0f7014b27/spring-webmvc-6.2.8.jar:/Users/shad0wx7/.gradle/caches/modules-2/files-2.1/org.springframework.security/spring-security-web/6.5.1/9255d45a0f69305ceae1fb770a774acdf805c485/spring-security-web-6.5.1.jar:/Users/shad0wx7/.gradle/caches/modules-2/files-2.1/org.springframework/spring-web/6.2.8/7b6a4ffb12639779721bc5adbc7f5ba80db72ff9/spring-web-6.2.8.jar:/Users/shad0wx7/.gradle/caches/modules-2/files-2.1/org.hibernate.orm/hibernate-core/6.6.18.Final/c3d150af4c341a7b07c75a8905bfbba895e73fbc/hibernate-core-6.6.18.Final.jar:/Users/shad0wx7/.gradle/caches/modules-2/files-2.1/org.springframework.data/spring-data-jpa/3.5.1/7d34c2d8c8bcd96f5ce3f012c2a88d682a86e14b/spring-data-jpa-3.5.1.jar:/Users/shad0wx7/.gradle/caches/modules-2/files-2.1/org.springframework/spring-aspects/6.2.8/30cd83452beef146187bee60a824fe3ae7197d85/spring-aspects-6.2.8.jar:/Users/shad0wx7/.gradle/caches/modules-2/files-2.1/io.lettuce/lettuce-core/6.6.0.RELEASE/8a9bb7a3291328f4a0156643dddd3f1194bd26f3/lettuce-core-6.6.0.RELEASE.jar:/Users/shad0wx7/.gradle/caches/modules-2/files-2.1/io.projectreactor/reactor-core/3.7.7/bee553bf17e911f6c20fe45caa890b9a3fd19c/reactor-core-3.7.7.jar:/Users/shad0wx7/.gradle/caches/modules-2/files-2.1/org.springframework.data/spring-data-redis/3.5.1/45ce8d0c44220cfbfedfda41796401b3159e797c/spring-data-redis-3.5.1.jar:/Users/shad0wx7/.gradle/caches/modules-2/files-2.1/org.springframework.security/spring-security-config/6.5.1/49e1411bc9d97faafcde42877614358a5357a3c7/spring-security-config-6.5.1.jar:/Users/shad0wx7/.gradle/caches/modules-2/files-2.1/org.springframework.security/spring-security-core/6.5.1/e7df1e6596b39b39f4a01000cab0318c0ed17ab0/spring-security-core-6.5.1.jar:/Users/shad0wx7/.gradle/caches/modules-2/files-2.1/org.springframework.boot/spring-boot-actuator-autoconfigure/3.5.3/599370a392f858694a2ce3bcf2c29dac818760a6/spring-boot-actuator-autoconfigure-3.5.3.jar:/Users/shad0wx7/.gradle/caches/modules-2/files-2.1/org.springframework.boot/spring-boot-test-autoconfigure/3.5.3/50d834241863042463113287b71bfc719d32dac1/spring-boot-test-autoconfigure-3.5.3.jar:/Users/shad0wx7/.gradle/caches/modules-2/files-2.1/org.springframework.boot/spring-boot-test/3.5.3/dd4c87534ae57510b01575c374eb8d55dd4efb92/spring-boot-test-3.5.3.jar:/Users/shad0wx7/.gradle/caches/modules-2/files-2.1/org.springframework.boot/spring-boot-autoconfigure/3.5.3/b03483a9d3c480d064c8380e2d78ea3593ca6cb8/spring-boot-autoconfigure-3.5.3.jar:/Users/shad0wx7/.gradle/caches/modules-2/files-2.1/org.springframework.boot/spring-boot-actuator/3.5.3/84a318d937ebf3d4f56639d712deb2054a78d74/spring-boot-actuator-3.5.3.jar:/Users/shad0wx7/.gradle/caches/modules-2/files-2.1/org.springframework.boot/spring-boot/3.5.3/1b02976773afc2489df3c22000acaf83d0ada2b2/spring-boot-3.5.3.jar:/Users/shad0wx7/.gradle/caches/modules-2/files-2.1/org.springframework.data/spring-data-keyvalue/3.5.1/6ba25a5f9aebebd45006473a68bcb2a39bad1995/spring-data-keyvalue-3.5.1.jar:/Users/shad0wx7/.gradle/caches/modules-2/files-2.1/org.springframework/spring-context-support/6.2.8/b5b5cbbe02a137eb25406bd006102bc8c3ceabbf/spring-context-support-6.2.8.jar:/Users/shad0wx7/.gradle/caches/modules-2/files-2.1/org.springframework/spring-context/6.2.8/9db99fe5f92f587e8f2b26b34a7f42260169925a/spring-context-6.2.8.jar:/Users/shad0wx7/.gradle/caches/modules-2/files-2.1/org.springframework/spring-aop/6.2.8/435fb310d5f464050b91ac3cb1a7f217a471e62e/spring-aop-6.2.8.jar:/Users/shad0wx7/.gradle/caches/modules-2/files-2.1/org.apache.tomcat.embed/tomcat-embed-el/10.1.42/a82416ce2960c50ee8150c9229e058b826e070a8/tomcat-embed-el-10.1.42.jar:/Users/shad0wx7/.gradle/caches/modules-2/files-2.1/org.hibernate.validator/hibernate-validator/8.0.2.Final/220e64815dd87535525331de20570017f899eb13/hibernate-validator-8.0.2.Final.jar:/Users/shad0wx7/.gradle/caches/modules-2/files-2.1/io.micrometer/micrometer-jakarta9/1.15.1/767dc009dd6c41cc574013ebb006cddfe98e88e6/micrometer-jakarta9-1.15.1.jar:/Users/shad0wx7/.gradle/caches/modules-2/files-2.1/io.micrometer/micrometer-core/1.15.1/52959bd15d21f9a9dd55ac59f0149b16c6d5a06e/micrometer-core-1.15.1.jar:/Users/shad0wx7/.gradle/caches/modules-2/files-2.1/io.micrometer/micrometer-observation/1.15.1/3d0a62a46350707984e3600297cc8e08c4722399/micrometer-observation-1.15.1.jar:/Users/shad0wx7/.gradle/caches/modules-2/files-2.1/org.springframework/spring-messaging/6.2.8/47730e9156b60450dbf4284a219768f2aac506ea/spring-messaging-6.2.8.jar:/Users/shad0wx7/.gradle/caches/modules-2/files-2.1/org.springframework/spring-orm/6.2.8/3bfe2a04c09ad1d7738b16e6e4636a7255be3af8/spring-orm-6.2.8.jar:/Users/shad0wx7/.gradle/caches/modules-2/files-2.1/org.springframework/spring-jdbc/6.2.8/2927be130aa08d6513804a048eb6065ab5c51a1d/spring-jdbc-6.2.8.jar:/Users/shad0wx7/.gradle/caches/modules-2/files-2.1/org.springframework/spring-tx/6.2.8/6b2eecf34f0810dd989f7e7bfa8fd8c86fe28dfb/spring-tx-6.2.8.jar:/Users/shad0wx7/.gradle/caches/modules-2/files-2.1/org.springframework.retry/spring-retry/2.0.12/62a14736086ffd6f382f0df3bf066a5a34f174fa/spring-retry-2.0.12.jar:/Users/shad0wx7/.gradle/caches/modules-2/files-2.1/org.apache.kafka/kafka_2.13/3.9.1/c940303cc9bd1a92f4eced9404656f6f374f6e65/kafka_2.13-3.9.1.jar:/Users/shad0wx7/.gradle/caches/modules-2/files-2.1/org.apache.kafka/kafka_2.13/3.9.1/2dd918c601dd5207c90682d81f90bbae33a5eac3/kafka_2.13-3.9.1-test.jar:/Users/shad0wx7/.gradle/caches/modules-2/files-2.1/org.apache.kafka/kafka-server/3.9.1/62f5d1c40ec9a7eef1b6cbd9b1fadbc2b3024cbf/kafka-server-3.9.1.jar:/Users/shad0wx7/.gradle/caches/modules-2/files-2.1/org.apache.kafka/kafka-group-coordinator/3.9.1/b8b0284102248d466ee1df04d412832100edc67b/kafka-group-coordinator-3.9.1.jar:/Users/shad0wx7/.gradle/caches/modules-2/files-2.1/org.apache.kafka/kafka-metadata/3.9.1/a5875f00903c7fd25a8ca51ebc51a4883aaa5682/kafka-metadata-3.9.1.jar:/Users/shad0wx7/.gradle/caches/modules-2/files-2.1/org.apache.kafka/kafka-storage/3.9.1/e6def675771e5f07fd4ded7d9e55b91ce9372518/kafka-storage-3.9.1.jar:/Users/shad0wx7/.gradle/caches/modules-2/files-2.1/org.apache.kafka/kafka-raft/3.9.1/6ff623be57743da37ac7df6e0ef01c0508f15d4a/kafka-raft-3.9.1.jar:/Users/shad0wx7/.gradle/caches/modules-2/files-2.1/org.apache.kafka/kafka-storage-api/3.9.1/214d034ff9412e3357d27f251dbb38510c6ba062/kafka-storage-api-3.9.1.jar:/Users/shad0wx7/.gradle/caches/modules-2/files-2.1/org.apache.kafka/kafka-server-common/3.9.1/529c5b2cf2f047136a68b5f9e107dbde1ec69d7b/kafka-server-common-3.9.1.jar:/Users/shad0wx7/.gradle/caches/modules-2/files-2.1/org.apache.kafka/kafka-server-common/3.9.1/df6568691900d7916e52459230780f5b2570dcfb/kafka-server-common-3.9.1-test.jar:/Users/shad0wx7/.gradle/caches/modules-2/files-2.1/org.apache.kafka/kafka-streams-test-utils/3.9.1/7d12d5938210944004431d1f4b15dfd65a7c1991/kafka-streams-test-utils-3.9.1.jar:/Users/shad0wx7/.gradle/caches/modules-2/files-2.1/org.apache.kafka/kafka-transaction-coordinator/3.9.1/385f78f00961bb766332b7bc64dbb13dfb829714/kafka-transaction-coordinator-3.9.1.jar:/Users/shad0wx7/.gradle/caches/modules-2/files-2.1/org.apache.kafka/kafka-streams/3.9.1/27e040cd62483e3a962ce0f6d96b07c6934a73/kafka-streams-3.9.1.jar:/Users/shad0wx7/.gradle/caches/modules-2/files-2.1/org.apache.kafka/kafka-group-coordinator-api/3.9.1/4f90e77bae45b5a9f4571f7f24b6a71510255526/kafka-group-coordinator-api-3.9.1.jar:/Users/shad0wx7/.gradle/caches/modules-2/files-2.1/org.apache.kafka/kafka-tools-api/3.9.1/cf141878a00601b826fa771e2630c400c7f3ff75/kafka-tools-api-3.9.1.jar:/Users/shad0wx7/.gradle/caches/modules-2/files-2.1/org.apache.kafka/kafka-clients/3.9.1/86ca079953ed5606257ff298c24666b26da6985b/kafka-clients-3.9.1.jar:/Users/shad0wx7/.gradle/caches/modules-2/files-2.1/org.apache.kafka/kafka-clients/3.9.1/bf2ea67f7d5c4fa96b3d3a01b537c9cf49a34419/kafka-clients-3.9.1-test.jar:/Users/shad0wx7/.gradle/caches/modules-2/files-2.1/org.checkerframework/checker-qual/3.49.3/119a4df4ba2e6a432b23989a785f81be38a56849/checker-qual-3.49.3.jar:/Users/shad0wx7/.gradle/caches/modules-2/files-2.1/com.fasterxml.jackson.datatype/jackson-datatype-jsr310/2.19.1/e9df57105f3b0730040ad7f3a1b603684a3329f4/jackson-datatype-jsr310-2.19.1.jar:/Users/shad0wx7/.gradle/caches/modules-2/files-2.1/com.fasterxml.jackson.module/jackson-module-parameter-names/2.19.1/133a9dc4ff2413035dc7ca8a9aa6a1da3667ddfb/jackson-module-parameter-names-2.19.1.jar:/Users/shad0wx7/.gradle/caches/modules-2/files-2.1/com.fasterxml.jackson.module/jackson-module-scala_2.13/2.19.1/532aacaf07ecab86a7785035228fc36962744b2b/jackson-module-scala_2.13-2.19.1.jar:/Users/shad0wx7/.gradle/caches/modules-2/files-2.1/com.fasterxml.jackson.dataformat/jackson-dataformat-csv/2.19.1/360dfac6f65017e4161cb1c84eeec958af5e1969/jackson-dataformat-csv-2.19.1.jar:/Users/shad0wx7/.gradle/caches/modules-2/files-2.1/org.testcontainers/jdbc/1.21.2/add1cf7b1c8f0ec3a3189793e90a7a967000cf95/jdbc-1.21.2.jar:/Users/shad0wx7/.gradle/caches/modules-2/files-2.1/org.testcontainers/database-commons/1.21.2/5c5a96de87527f78e1c5d9b82e9f265c89075883/database-commons-1.21.2.jar:/Users/shad0wx7/.gradle/caches/modules-2/files-2.1/org.testcontainers/testcontainers/1.21.2/767ba5dd3bac10c160e4c4dacbb844ca4fbf5799/testcontainers-1.21.2.jar:/Users/shad0wx7/.gradle/caches/modules-2/files-2.1/com.github.docker-java/docker-java-api/3.4.2/90aef34aa23575de51923c83771fbe378b2eb4e5/docker-java-api-3.4.2.jar:/Users/shad0wx7/.gradle/caches/modules-2/files-2.1/com.fasterxml.jackson.core/jackson-annotations/2.19.1/37e4f0c5dba684e00137defdb04ad9df95920c44/jackson-annotations-2.19.1.jar:/Users/shad0wx7/.gradle/caches/modules-2/files-2.1/com.fasterxml.jackson.core/jackson-core/2.19.1/6e5a8cb8a6cada322497cefb7726657d98aaee15/jackson-core-2.19.1.jar:/Users/shad0wx7/.gradle/caches/modules-2/files-2.1/com.fasterxml.jackson.datatype/jackson-datatype-jdk8/2.19.1/eabbc99d0e146b1a7085fddd02568faf1d3b4ab1/jackson-datatype-jdk8-2.19.1.jar:/Users/shad0wx7/.gradle/caches/modules-2/files-2.1/com.fasterxml.jackson.core/jackson-databind/2.19.1/e8cb8e76faea3e0791165f5d3614fc45933b2ee0/jackson-databind-2.19.1.jar:/Users/shad0wx7/.gradle/caches/modules-2/files-2.1/com.jayway.jsonpath/json-path/2.9.0/37fe2217f577b0b68b18e62c4d17a8858ecf9b69/json-path-2.9.0.jar:/Users/shad0wx7/.gradle/caches/modules-2/files-2.1/org.springframework/spring-oxm/6.2.8/9f2ee9b855d8b978c39051697d69a5673b669b6e/spring-oxm-6.2.8.jar:/Users/shad0wx7/.gradle/caches/modules-2/files-2.1/org.glassfish.jaxb/jaxb-runtime/4.0.5/ca84c2a7169b5293e232b9d00d1e4e36d4c3914a/jaxb-runtime-4.0.5.jar:/Users/shad0wx7/.gradle/caches/modules-2/files-2.1/org.glassfish.jaxb/jaxb-core/4.0.5/7b4b11ea5542eea4ad55e1080b23be436795b3/jaxb-core-4.0.5.jar:/Users/shad0wx7/.gradle/caches/modules-2/files-2.1/jakarta.xml.bind/jakarta.xml.bind-api/4.0.2/6cd5a999b834b63238005b7144136379dc36cad2/jakarta.xml.bind-api-4.0.2.jar:/Users/shad0wx7/.gradle/caches/modules-2/files-2.1/net.minidev/json-smart/2.5.2/95d166b18f95907be0f46cdb9e1c0695eed03387/json-smart-2.5.2.jar:/Users/shad0wx7/.gradle/caches/modules-2/files-2.1/org.assertj/assertj-core/3.27.3/31f5d58a202bd5df4993fb10fa2cffd610c20d6f/assertj-core-3.27.3.jar:/Users/shad0wx7/.gradle/caches/modules-2/files-2.1/org.awaitility/awaitility/4.2.2/7336242073ebf83fe034e42b46a403c5501b63c9/awaitility-4.2.2.jar:/Users/shad0wx7/.gradle/caches/modules-2/files-2.1/junit/junit/4.13.2/8ac9e16d933b6fb43bc7f576336b8f4d7eb5ba12/junit-4.13.2.jar:/Users/shad0wx7/.gradle/caches/modules-2/files-2.1/org.hamcrest/hamcrest-core/3.0/254f69f4b0ca22198acfc19fcdd5f96140431c3e/hamcrest-core-3.0.jar:/Users/shad0wx7/.gradle/caches/modules-2/files-2.1/org.hamcrest/hamcrest/3.0/8fd9b78a8e6a6510a078a9e30e9e86a6035cfaf7/hamcrest-3.0.jar:/Users/shad0wx7/.gradle/caches/modules-2/files-2.1/org.mockito/mockito-core/5.17.0/f5fe5a2f94eb65f4f83ca0607bfe13ec0d9c6f3b/mockito-core-5.17.0.jar:/Users/shad0wx7/.gradle/caches/modules-2/files-2.1/org.skyscreamer/jsonassert/1.5.3/aaa43e0823d2a0e106e8754d6a9c4ab24e05e9bc/jsonassert-1.5.3.jar:/Users/shad0wx7/.gradle/caches/modules-2/files-2.1/org.springframework/spring-test/6.2.8/f7a691aa541ec9299fdeb4d2d9a61b4c821abcf2/spring-test-6.2.8.jar:/Users/shad0wx7/.gradle/caches/modules-2/files-2.1/org.springframework.data/spring-data-commons/3.5.1/90bd3f9edcc3b98e0d49657f3f2152e933b42ae8/spring-data-commons-3.5.1.jar:/Users/shad0wx7/.gradle/caches/modules-2/files-2.1/org.springframework/spring-beans/6.2.8/9da1e690f343c30b6ed6eabd5f60ecc5dd0b225a/spring-beans-6.2.8.jar:/Users/shad0wx7/.gradle/caches/modules-2/files-2.1/org.springframework/spring-expression/6.2.8/19e6618120fab6a572880675e1c0af676c7aa4ac/spring-expression-6.2.8.jar:/Users/shad0wx7/.gradle/caches/modules-2/files-2.1/org.springframework/spring-core/6.2.8/2caf1cef93252f5ef2b7f334b8b4d61f3aecad15/spring-core-6.2.8.jar:/Users/shad0wx7/.gradle/caches/modules-2/files-2.1/org.xmlunit/xmlunit-core/2.10.2/96f4a5350433f58b3e0e7d1b862bfcd52fc8da6b/xmlunit-core-2.10.2.jar:/Users/shad0wx7/.gradle/caches/modules-2/files-2.1/org.apache.zookeeper/zookeeper/3.8.4/6638e37b887b5a279044afbdc9928e19f678eb2e/zookeeper-3.8.4.jar:/Users/shad0wx7/.gradle/caches/modules-2/files-2.1/org.springframework.boot/spring-boot-starter-logging/3.5.3/7013c1aff95fd599eb291fe34924c59d1ea88c5b/spring-boot-starter-logging-3.5.3.jar:/Users/shad0wx7/.gradle/caches/modules-2/files-2.1/jakarta.annotation/jakarta.annotation-api/2.1.1/48b9bda22b091b1f48b13af03fe36db3be6e1ae3/jakarta.annotation-api-2.1.1.jar:/Users/shad0wx7/.gradle/caches/modules-2/files-2.1/org.yaml/snakeyaml/2.4/e0666b825b796f85521f02360e77f4c92c5a7a07/snakeyaml-2.4.jar:/Users/shad0wx7/.gradle/caches/modules-2/files-2.1/org.apache.tomcat.embed/tomcat-embed-websocket/10.1.42/e47e420583a372feaece0dc9b8a9a63c4bfcd093/tomcat-embed-websocket-10.1.42.jar:/Users/shad0wx7/.gradle/caches/modules-2/files-2.1/org.apache.tomcat.embed/tomcat-embed-core/10.1.42/8906a203edef16fa6013635925bf9f5d1dbe5639/tomcat-embed-core-10.1.42.jar:/Users/shad0wx7/.gradle/caches/modules-2/files-2.1/com.zaxxer/HikariCP/6.3.0/bebd113244c9d9926c6b792f28110ed6380cacc2/HikariCP-6.3.0.jar:/Users/shad0wx7/.gradle/caches/modules-2/files-2.1/jakarta.persistence/jakarta.persistence-api/3.1.0/66901fa1c373c6aff65c13791cc11da72060a8d6/jakarta.persistence-api-3.1.0.jar:/Users/shad0wx7/.gradle/caches/modules-2/files-2.1/jakarta.transaction/jakarta.transaction-api/2.0.1/51a520e3fae406abb84e2e1148e6746ce3f80a1a/jakarta.transaction-api-2.0.1.jar:/Users/shad0wx7/.gradle/caches/modules-2/files-2.1/org.jboss.logging/jboss-logging/3.6.1.Final/886afbb445b4016a37c8960a7aef6ebd769ce7e5/jboss-logging-3.6.1.Final.jar:/Users/shad0wx7/.gradle/caches/modules-2/files-2.1/org.hibernate.common/hibernate-commons-annotations/7.0.3.Final/e183c4be8bb41d12e9f19b374e00c34a0a85f439/hibernate-commons-annotations-7.0.3.Final.jar:/Users/shad0wx7/.gradle/caches/modules-2/files-2.1/io.smallrye/jandex/3.2.0/f17ad860f62a08487b9edabde608f8ac55c62fa7/jandex-3.2.0.jar:/Users/shad0wx7/.gradle/caches/modules-2/files-2.1/com.fasterxml/classmate/1.7.0/e98374da1f2143ac8e6e0a95036994bb19137a3/classmate-1.7.0.jar:/Users/shad0wx7/.gradle/caches/modules-2/files-2.1/net.bytebuddy/byte-buddy/1.17.6/8c70cbc6950b2ae5291a98d5003e06406d633803/byte-buddy-1.17.6.jar:/Users/shad0wx7/.gradle/caches/modules-2/files-2.1/jakarta.inject/jakarta.inject-api/2.0.1/4c28afe1991a941d7702fe1362c365f0a8641d1e/jakarta.inject-api-2.0.1.jar:/Users/shad0wx7/.gradle/caches/modules-2/files-2.1/org.antlr/antlr4-runtime/4.13.0/5a02e48521624faaf5ff4d99afc88b01686af655/antlr4-runtime-4.13.0.jar:/Users/shad0wx7/.gradle/caches/modules-2/files-2.1/redis.clients.authentication/redis-authx-core/0.1.1-beta2/4037345ff29fb22c737bab2ed116a34262718ae5/redis-authx-core-0.1.1-beta2.jar:/Users/shad0wx7/.gradle/caches/modules-2/files-2.1/ch.qos.
[...]
2025-08-13T19:43:09.699+03:00  INFO 12538 --- [er-event-thread] kafka.controller.KafkaController         : [Controller id=0] List of topics to be deleted: 
2025-08-13T19:43:09.699+03:00  INFO 12538 --- [er-event-thread] kafka.controller.KafkaController         : [Controller id=0] List of topics ineligible for deletion: 
2025-08-13T19:43:09.699+03:00  INFO 12538 --- [er-event-thread] kafka.controller.KafkaController         : [Controller id=0] Initializing topic deletion manager
2025-08-13T19:43:09.699+03:00  INFO 12538 --- [er-event-thread] kafka.controller.TopicDeletionManager    : [Topic Deletion Manager 0] Initializing manager with initial deletions: Set(), initial ineligible deletions: HashSet()
2025-08-13T19:43:09.700+03:00  INFO 12538 --- [er-event-thread] kafka.controller.KafkaController         : [Controller id=0] Sending update metadata request
2025-08-13T19:43:09.701+03:00  INFO 12538 --- [er-event-thread] state.change.logger                      : [Controller id=0 epoch=1] Sending UpdateMetadata request to brokers HashSet(0) for 0 partitions
2025-08-13T19:43:09.703+03:00  INFO 12538 --- [er-event-thread] kafka.controller.ZkReplicaStateMachine   : [ReplicaStateMachine controllerId=0] Initializing replica state
2025-08-13T19:43:09.703+03:00  INFO 12538 --- [er-event-thread] kafka.controller.ZkReplicaStateMachine   : [ReplicaStateMachine controllerId=0] Triggering online replica state changes
2025-08-13T19:43:09.704+03:00  INFO 12538 --- [er-event-thread] kafka.controller.ZkReplicaStateMachine   : [ReplicaStateMachine controllerId=0] Triggering offline replica state changes
2025-08-13T19:43:09.704+03:00  INFO 12538 --- [er-event-thread] k.controller.ZkPartitionStateMachine     : [PartitionStateMachine controllerId=0] Initializing partition state
2025-08-13T19:43:09.705+03:00  INFO 12538 --- [er-event-thread] k.controller.ZkPartitionStateMachine     : [PartitionStateMachine controllerId=0] Triggering online partition state changes
2025-08-13T19:43:09.706+03:00  INFO 12538 --- [er-event-thread] kafka.controller.KafkaController         : [Controller id=0] Ready to serve as the new controller with epoch 1
2025-08-13T19:43:09.706+03:00  INFO 12538 --- [r-0-send-thread] kafka.controller.RequestSendThread       : [RequestSendThread controllerId=0] Controller 0 connected to localhost:63358 (id: 0 rack: null) for sending state change requests
2025-08-13T19:43:09.707+03:00  INFO 12538 --- [per-0-AlterAcls] perationPurgatory$ExpiredOperationReaper : [ExpirationReaper-0-AlterAcls]: Starting
2025-08-13T19:43:09.707+03:00  INFO 12538 --- [er-event-thread] kafka.controller.KafkaController         : [Controller id=0] Partitions undergoing preferred replica election: 
2025-08-13T19:43:09.707+03:00  INFO 12538 --- [er-event-thread] kafka.controller.KafkaController         : [Controller id=0] Partitions that completed preferred replica election: 
2025-08-13T19:43:09.708+03:00  INFO 12538 --- [er-event-thread] kafka.controller.KafkaController         : [Controller id=0] Skipping preferred replica election for partitions due to topic deletion: 
2025-08-13T19:43:09.708+03:00  INFO 12538 --- [er-event-thread] kafka.controller.KafkaController         : [Controller id=0] Resuming preferred replica election for partitions: 
2025-08-13T19:43:09.708+03:00  INFO 12538 --- [er-event-thread] kafka.controller.KafkaController         : [Controller id=0] Starting replica leader election (PREFERRED) for partitions  triggered by ZkTriggered
2025-08-13T19:43:09.711+03:00  INFO 12538 --- [er-event-thread] kafka.controller.KafkaController         : [Controller id=0] Starting the controller scheduler
2025-08-13T19:43:09.719+03:00  INFO 12538 --- [-process-thread] icationListener$ChangeEventProcessThread : [/config/changes-event-process-thread]: Starting
2025-08-13T19:43:09.721+03:00  INFO 12538 --- [    Test worker] kafka.network.SocketServer               : [SocketServer listenerType=ZK_BROKER, nodeId=0] Enabling request processing.
2025-08-13T19:43:09.722+03:00  INFO 12538 --- [    Test worker] kafka.server.KafkaServer                 : [KafkaServer id=0] Start processing authorizer futures
2025-08-13T19:43:09.722+03:00  INFO 12538 --- [    Test worker] kafka.server.KafkaServer                 : [KafkaServer id=0] End processing authorizer futures
2025-08-13T19:43:09.722+03:00  INFO 12538 --- [    Test worker] kafka.server.KafkaServer                 : [KafkaServer id=0] Start processing enable request processing future
2025-08-13T19:43:09.722+03:00  INFO 12538 --- [    Test worker] kafka.server.KafkaServer                 : [KafkaServer id=0] End processing enable request processing future
2025-08-13T19:43:09.723+03:00  INFO 12538 --- [    Test worker] o.a.kafka.common.utils.AppInfoParser     : Kafka version: 3.9.1
2025-08-13T19:43:09.723+03:00  INFO 12538 --- [    Test worker] o.a.kafka.common.utils.AppInfoParser     : Kafka commitId: f745dfdcee2b9851
2025-08-13T19:43:09.723+03:00  INFO 12538 --- [    Test worker] o.a.kafka.common.utils.AppInfoParser     : Kafka startTimeMs: 1755103389722
2025-08-13T19:43:09.724+03:00  INFO 12538 --- [    Test worker] kafka.server.KafkaServer                 : [KafkaServer id=0] started
2025-08-13T19:43:09.727+03:00  INFO 12538 --- [    Test worker] o.a.k.clients.admin.AdminClientConfig    : AdminClientConfig values: 
	auto.include.jmx.reporter = true
	bootstrap.controllers = []
	bootstrap.servers = [127.0.0.1:63358]
	client.dns.lookup = use_all_dns_ips
	client.id = 
	connections.max.idle.ms = 300000
	default.api.timeout.ms = 60000
	enable.metrics.push = true
	metadata.max.age.ms = 300000
	metadata.recovery.strategy = none
	metric.reporters = []
	metrics.num.samples = 2
	metrics.recording.level = INFO
	metrics.sample.window.ms = 30000
	receive.buffer.bytes = 65536
	reconnect.backoff.max.ms = 1000
	reconnect.backoff.ms = 50
	request.timeout.ms = 30000
	retries = 2147483647
	retry.backoff.max.ms = 1000
	retry.backoff.ms = 100
	sasl.client.callback.handler.class = null
	sasl.jaas.config = null
	sasl.kerberos.kinit.cmd = /usr/bin/kinit
	sasl.kerberos.min.time.before.relogin = 60000
	sasl.kerberos.service.name = null
	sasl.kerberos.ticket.renew.jitter = 0.05
	sasl.kerberos.ticket.renew.window.factor = 0.8
	sasl.login.callback.handler.class = null
	sasl.login.class = null
	sasl.login.connect.timeout.ms = null
	sasl.login.read.timeout.ms = null
	sasl.login.refresh.buffer.seconds = 300
	sasl.login.refresh.min.period.seconds = 60
	sasl.login.refresh.window.factor = 0.8
	sasl.login.refresh.window.jitter = 0.05
	sasl.login.retry.backoff.max.ms = 10000
	sasl.login.retry.backoff.ms = 100
	sasl.mechanism = GSSAPI
	sasl.oauthbearer.clock.skew.seconds = 30
	sasl.oauthbearer.expected.audience = null
	sasl.oauthbearer.expected.issuer = null
	sasl.oauthbearer.header.urlencode = false
	sasl.oauthbearer.jwks.endpoint.refresh.ms = 3600000
	sasl.oauthbearer.jwks.endpoint.retry.backoff.max.ms = 10000
	sasl.oauthbearer.jwks.endpoint.retry.backoff.ms = 100
	sasl.oauthbearer.jwks.endpoint.url = null
	sasl.oauthbearer.scope.claim.name = scope
	sasl.oauthbearer.sub.claim.name = sub
	sasl.oauthbearer.token.endpoint.url = null
	security.protocol = PLAINTEXT
	security.providers = null
	send.buffer.bytes = 131072
	socket.connection.setup.timeout.max.ms = 30000
	socket.connection.setup.timeout.ms = 10000
	ssl.cipher.suites = null
	ssl.enabled.protocols = [TLSv1.2, TLSv1.3]
	ssl.endpoint.identification.algorithm = https
	ssl.engine.factory.class = null
	ssl.key.password = null
	ssl.keymanager.algorithm = SunX509
	ssl.keystore.certificate.chain = null
	ssl.keystore.key = null
	ssl.keystore.location = null
	ssl.keystore.password = null
	ssl.keystore.type = JKS
	ssl.protocol = TLSv1.3
	ssl.provider = null
	ssl.secure.random.implementation = null
	ssl.trustmanager.algorithm = PKIX
	ssl.truststore.certificates = null
	ssl.truststore.location = null
	ssl.truststore.password = null
	ssl.truststore.type = JKS

2025-08-13T19:43:09.738+03:00  INFO 12538 --- [    Test worker] o.a.kafka.common.utils.AppInfoParser     : Kafka version: 3.9.1
2025-08-13T19:43:09.738+03:00  INFO 12538 --- [    Test worker] o.a.kafka.common.utils.AppInfoParser     : Kafka commitId: f745dfdcee2b9851
2025-08-13T19:43:09.738+03:00  INFO 12538 --- [    Test worker] o.a.kafka.common.utils.AppInfoParser     : Kafka startTimeMs: 1755103389738
2025-08-13T19:43:09.754+03:00  INFO 12538 --- [quest-handler-4] kafka.zk.AdminZkClient                   : Creating topic test-topic with configuration {} and initial partition assignment HashMap(0 -> ArrayBuffer(0))
2025-08-13T19:43:09.760+03:00  INFO 12538 --- [er-event-thread] kafka.controller.KafkaController         : [Controller id=0] New topics: [Set(test-topic)], deleted topics: [HashSet()], new partition replica assignment [Set(TopicIdReplicaAssignment(test-topic,Some(0SIQBbjtR86iRhKuqxD6tw),Map(test-topic-0 -> ReplicaAssignment(replicas=0, addingReplicas=, removingReplicas=))))]
2025-08-13T19:43:09.760+03:00  INFO 12538 --- [er-event-thread] kafka.controller.KafkaController         : [Controller id=0] New partition creation callback for test-topic-0
2025-08-13T19:43:09.761+03:00  INFO 12538 --- [er-event-thread] state.change.logger                      : [Controller id=0 epoch=1] Changed partition test-topic-0 state from NonExistentPartition to NewPartition with assigned replicas 0
2025-08-13T19:43:09.761+03:00  INFO 12538 --- [er-event-thread] state.change.logger                      : [Controller id=0 epoch=1] Sending UpdateMetadata request to brokers HashSet() for 0 partitions
2025-08-13T19:43:09.762+03:00  INFO 12538 --- [er-event-thread] state.change.logger                      : [Controller id=0 epoch=1] Sending UpdateMetadata request to brokers HashSet() for 0 partitions
2025-08-13T19:43:09.767+03:00  INFO 12538 --- [er-event-thread] state.change.logger                      : [Controller id=0 epoch=1] Changed partition test-topic-0 from NewPartition to OnlinePartition with state LeaderAndIsr(leader=0, leaderEpoch=0, isrWithBrokerEpoch=List(BrokerState(brokerId=0, brokerEpoch=-1)), leaderRecoveryState=RECOVERED, partitionEpoch=0)
2025-08-13T19:43:09.767+03:00  INFO 12538 --- [er-event-thread] state.change.logger                      : [Controller id=0 epoch=1] Sending LeaderAndIsr request to broker 0 with 1 become-leader and 0 become-follower partitions
2025-08-13T19:43:09.768+03:00  INFO 12538 --- [er-event-thread] state.change.logger                      : [Controller id=0 epoch=1] Sending UpdateMetadata request to brokers HashSet(0) for 1 partitions
2025-08-13T19:43:09.768+03:00  INFO 12538 --- [er-event-thread] state.change.logger                      : [Controller id=0 epoch=1] Sending UpdateMetadata request to brokers HashSet() for 0 partitions
2025-08-13T19:43:09.769+03:00  INFO 12538 --- [quest-handler-5] state.change.logger                      : [Broker id=0] Handling LeaderAndIsr request correlationId 1 from controller 0 for 1 partitions
2025-08-13T19:43:09.774+03:00  INFO 12538 --- [quest-handler-5] kafka.server.ReplicaFetcherManager       : [ReplicaFetcherManager on broker 0] Removed fetcher for partitions Set(test-topic-0)
2025-08-13T19:43:09.775+03:00  INFO 12538 --- [quest-handler-5] state.change.logger                      : [Broker id=0] Stopped fetchers as part of LeaderAndIsr request correlationId 1 from controller 0 epoch 1 as part of the become-leader transition for 1 partitions
2025-08-13T19:43:09.789+03:00  INFO 12538 --- [channel-manager] k.server.NodeToControllerRequestThread   : [zk-broker-0-to-controller-forwarding-channel-manager]: Recorded new ZK controller, from now on will use node localhost:63358 (id: 0 rack: null)
2025-08-13T19:43:09.791+03:00  INFO 12538 --- [quest-handler-5] kafka.log.UnifiedLog$                    : [LogLoader partition=test-topic-0, dir=/var/folders/4v/vcx3hdsd6mx4rh9bp51wh9jh0000gn/T/spring.kafka.1399c527-c54b-44ef-a4b0-c219706dd70217265582660929694434] Loading producer state till offset 0 with message format version 2
2025-08-13T19:43:09.795+03:00  INFO 12538 --- [quest-handler-5] kafka.log.LogManager                     : Created log for partition test-topic-0 in /var/folders/4v/vcx3hdsd6mx4rh9bp51wh9jh0000gn/T/spring.kafka.1399c527-c54b-44ef-a4b0-c219706dd70217265582660929694434/test-topic-0 with properties {}
2025-08-13T19:43:09.795+03:00  INFO 12538 --- [quest-handler-5] kafka.cluster.Partition                  : [Partition test-topic-0 broker=0] No checkpointed highwatermark is found for partition test-topic-0
2025-08-13T19:43:09.796+03:00  INFO 12538 --- [quest-handler-5] kafka.cluster.Partition                  : [Partition test-topic-0 broker=0] Log loaded for partition test-topic-0 with initial high watermark 0
2025-08-13T19:43:09.797+03:00  INFO 12538 --- [quest-handler-5] state.change.logger                      : [Broker id=0] Leader test-topic-0 with topic id Some(0SIQBbjtR86iRhKuqxD6tw) starts at leader epoch 0 from offset 0 with partition epoch 0, high watermark 0, ISR [0], adding replicas [] and removing replicas [] . Previous leader None and previous leader epoch was -1.
2025-08-13T19:43:09.801+03:00  INFO 12538 --- [quest-handler-5] state.change.logger                      : [Broker id=0] Finished LeaderAndIsr request in 33ms correlationId 1 from controller 0 for 1 partitions
2025-08-13T19:43:09.804+03:00  INFO 12538 --- [quest-handler-6] state.change.logger                      : [Broker id=0] Add 1 partitions and deleted 0 partitions from metadata cache in response to UpdateMetadata request sent by controller 0 epoch 1 with correlation id 2
2025-08-13T19:43:09.806+03:00  INFO 12538 --- [| adminclient-1] o.a.kafka.common.utils.AppInfoParser     : App info kafka.admin.client for adminclient-1 unregistered
2025-08-13T19:43:09.808+03:00  INFO 12538 --- [| adminclient-1] o.apache.kafka.common.metrics.Metrics    : Metrics scheduler closed
2025-08-13T19:43:09.808+03:00  INFO 12538 --- [| adminclient-1] o.apache.kafka.common.metrics.Metrics    : Closing reporter org.apache.kafka.common.metrics.JmxReporter
2025-08-13T19:43:09.809+03:00  INFO 12538 --- [| adminclient-1] o.apache.kafka.common.metrics.Metrics    : Metrics reporters closed
2025-08-13T19:43:09.817+03:00  INFO 12538 --- [    Test worker] c.e.app.KafkaConsumerIntegrationTest     : Starting KafkaConsumerIntegrationTest using Java 17.0.12 with PID 12538 (started by shad0wx7 in /Users/shad0wx7/Documents/eventpulse )
2025-08-13T19:43:09.817+03:00  INFO 12538 --- [    Test worker] c.e.app.KafkaConsumerIntegrationTest     : The following 1 profile is active: "test"
2025-08-13T19:43:09.821+03:00  INFO 12538 --- [channel-manager] k.server.NodeToControllerRequestThread   : [zk-broker-0-to-controller-alter-partition-channel-manager]: Recorded new ZK controller, from now on will use node localhost:63358 (id: 0 rack: null)
2025-08-13T19:43:09.832+03:00 DEBUG 12538 --- [    Test worker] o.s.w.c.s.GenericWebApplicationContext   : Refreshing org.springframework.web.context.support.GenericWebApplicationContext@c1fa7d4
2025-08-13T19:43:09.919+03:00  INFO 12538 --- [    Test worker] c.e.app.KafkaConsumerIntegrationTest     : Started KafkaConsumerIntegrationTest in 0.991 seconds (process running for 1.512)
2025-08-13T19:43:10.261+03:00  INFO 12538 --- [    Test worker] o.a.k.clients.producer.ProducerConfig    : ProducerConfig values: 
	acks = -1
	auto.include.jmx.reporter = true
	batch.size = 16384
	bootstrap.servers = [127.0.0.1:63358]
	buffer.memory = 33554432
	client.dns.lookup = use_all_dns_ips
	client.id = producer-1
	compression.gzip.level = -1
	compression.lz4.level = 9
	compression.type = none
	compression.zstd.level = 3
	connections.max.idle.ms = 540000
	delivery.timeout.ms = 120000
	enable.idempotence = true
	enable.metrics.push = true
	interceptor.classes = []
	key.serializer = class org.apache.kafka.common.serialization.StringSerializer
	linger.ms = 0
	max.block.ms = 60000
	max.in.flight.requests.per.connection = 5
	max.request.size = 1048576
	metadata.max.age.ms = 300000
	metadata.max.idle.ms = 300000
	metadata.recovery.strategy = none
	metric.reporters = []
	metrics.num.samples = 2
	metrics.recording.level = INFO
	metrics.sample.window.ms = 30000
	partitioner.adaptive.partitioning.enable = true
	partitioner.availability.timeout.ms = 0
	partitioner.class = null
	partitioner.ignore.keys = false
	receive.buffer.bytes = 32768
	reconnect.backoff.max.ms = 1000
	reconnect.backoff.ms = 50
	request.timeout.ms = 30000
	retries = 2147483647
	retry.backoff.max.ms = 1000
	retry.backoff.ms = 100
	sasl.client.callback.handler.class = null
	sasl.jaas.config = null
	sasl.kerberos.kinit.cmd = /usr/bin/kinit
	sasl.kerberos.min.time.before.relogin = 60000
	sasl.kerberos.service.name = null
	sasl.kerberos.ticket.renew.jitter = 0.05
	sasl.kerberos.ticket.renew.window.factor = 0.8
	sasl.login.callback.handler.class = null
	sasl.login.class = null
	sasl.login.connect.timeout.ms = null
	sasl.login.read.timeout.ms = null
	sasl.login.refresh.buffer.seconds = 300
	sasl.login.refresh.min.period.seconds = 60
	sasl.login.refresh.window.factor = 0.8
	sasl.login.refresh.window.jitter = 0.05
	sasl.login.retry.backoff.max.ms = 10000
	sasl.login.retry.backoff.ms = 100
	sasl.mechanism = GSSAPI
	sasl.oauthbearer.clock.skew.seconds = 30
	sasl.oauthbearer.expected.audience = null
	sasl.oauthbearer.expected.issuer = null
	sasl.oauthbearer.header.urlencode = false
	sasl.oauthbearer.jwks.endpoint.refresh.ms = 3600000
	sasl.oauthbearer.jwks.endpoint.retry.backoff.max.ms = 10000
	sasl.oauthbearer.jwks.endpoint.retry.backoff.ms = 100
	sasl.oauthbearer.jwks.endpoint.url = null
	sasl.oauthbearer.scope.claim.name = scope
	sasl.oauthbearer.sub.claim.name = sub
	sasl.oauthbearer.token.endpoint.url = null
	security.protocol = PLAINTEXT
	security.providers = null
	send.buffer.bytes = 131072
	socket.connection.setup.timeout.max.ms = 30000
	socket.connection.setup.timeout.ms = 10000
	ssl.cipher.suites = null
	ssl.enabled.protocols = [TLSv1.2, TLSv1.3]
	ssl.endpoint.identification.algorithm = https
	ssl.engine.factory.class = null
	ssl.key.password = null
	ssl.keymanager.algorithm = SunX509
	ssl.keystore.certificate.chain = null
	ssl.keystore.key = null
	ssl.keystore.location = null
	ssl.keystore.password = null
	ssl.keystore.type = JKS
	ssl.protocol = TLSv1.3
	ssl.provider = null
	ssl.secure.random.implementation = null
	ssl.trustmanager.algorithm = PKIX
	ssl.truststore.certificates = null
	ssl.truststore.location = null
	ssl.truststore.password = null
	ssl.truststore.type = JKS
	transaction.timeout.ms = 60000
	transactional.id = null
	value.serializer = class org.apache.kafka.common.serialization.StringSerializer

2025-08-13T19:43:10.295+03:00  INFO 12538 --- [    Test worker] o.a.k.c.t.i.KafkaMetricsCollector        : initializing Kafka metrics collector
2025-08-13T19:43:10.298+03:00  INFO 12538 --- [    Test worker] o.a.k.clients.producer.KafkaProducer     : [Producer clientId=producer-1] Instantiated an idempotent producer.
2025-08-13T19:43:10.306+03:00  INFO 12538 --- [    Test worker] o.a.kafka.common.utils.AppInfoParser     : Kafka version: 3.9.1
2025-08-13T19:43:10.307+03:00  INFO 12538 --- [    Test worker] o.a.kafka.common.utils.AppInfoParser     : Kafka commitId: f745dfdcee2b9851
2025-08-13T19:43:10.307+03:00  INFO 12538 --- [    Test worker] o.a.kafka.common.utils.AppInfoParser     : Kafka startTimeMs: 1755103390306
2025-08-13T19:43:10.312+03:00  INFO 12538 --- [ad | producer-1] org.apache.kafka.clients.Metadata        : [Producer clientId=producer-1] Cluster ID: 7I54ZJmBTFOM5ZZuMv93ng
2025-08-13T19:43:10.317+03:00  INFO 12538 --- [er-event-thread] kafka.controller.KafkaController         : [Controller id=0] Acquired new producerId block ProducerIdsBlock(assignedBrokerId=0, firstProducerId=0, size=1000) by writing to Zk with path version 1
]]></system-out>
  <system-err><![CDATA[]]></system-err>
</testsuite>
